[INFO] 01:42:50:994 I-MONGO-STORE/(7695:7695): SERVIDOR LEVANTADO! ESCUCHANDO EN 5001
[INFO] 01:43:27:133 I-MONGO-STORE/(7695:7695): NUEVA CONEXIÓN!
[INFO] 01:43:27:140 I-MONGO-STORE/(7695:7776): Se creó el hilo correctamente
[INFO] 01:44:14:29 I-MONGO-STORE/(7831:7831): SERVIDOR LEVANTADO! ESCUCHANDO EN 5001
[INFO] 01:45:26:9 I-MONGO-STORE/(7831:7831): NUEVA CONEXIÓN!
[INFO] 01:45:26:22 I-MONGO-STORE/(7831:7927): Se creó el hilo correctamente
[INFO] 01:46:09:914 I-MONGO-STORE/(7831:7831): NUEVA CONEXIÓN!
[INFO] 01:46:09:922 I-MONGO-STORE/(7831:7973): Se creó el hilo correctamente
[INFO] 01:46:12:453 I-MONGO-STORE/(7831:7831): NUEVA CONEXIÓN!
[INFO] 01:46:12:460 I-MONGO-STORE/(7831:7985): Se creó el hilo correctamente
[INFO] 22:30:55:398 I-MONGO-STORE/(5016:5016): SERVIDOR LEVANTADO! ESCUCHANDO EN 5001
[INFO] 22:31:01:64 I-MONGO-STORE/(5016:5016): NUEVA CONEXIÓN!
[INFO] 22:31:01:67 I-MONGO-STORE/(5016:5037): Se creó el hilo correctamente
[INFO] 22:31:03:310 I-MONGO-STORE/(5016:5016): NUEVA CONEXIÓN!
[INFO] 22:31:03:313 I-MONGO-STORE/(5016:5048): Se creó el hilo correctamente
[INFO] 22:32:04:627 I-MONGO-STORE/(5088:5088): SERVIDOR LEVANTADO! ESCUCHANDO EN 5002
[INFO] 22:33:36:780 I-MONGO-STORE/(5225:5225): SERVIDOR LEVANTADO! ESCUCHANDO EN 5002
[INFO] 22:39:23:889 I-MONGO-STORE/(5676:5676): SERVIDOR LEVANTADO! ESCUCHANDO EN 5002
[INFO] 22:44:28:239 I-MONGO-STORE/(6061:6061): SERVIDOR LEVANTADO! ESCUCHANDO EN 5002
[INFO] 22:44:36:208 I-MONGO-STORE/(6061:6061): NUEVA CONEXIÓN!
[INFO] 22:44:36:214 I-MONGO-STORE/(6061:6083): Se creó el hilo correctamente
[INFO] 22:44:42:206 I-MONGO-STORE/(6061:6061): NUEVA CONEXIÓN!
[INFO] 22:44:42:212 I-MONGO-STORE/(6061:6095): Se creó el hilo correctamente
[INFO] 22:55:03:353 I-MONGO-STORE/(7346:7346): SERVIDOR LEVANTADO! ESCUCHANDO EN 5002
[INFO] 22:55:08:213 I-MONGO-STORE/(7346:7346): NUEVA CONEXIÓN!
[INFO] 22:55:08:224 I-MONGO-STORE/(7346:7359): Se creó el hilo correctamente
[INFO] 22:55:11:659 I-MONGO-STORE/(7346:7346): NUEVA CONEXIÓN!
[INFO] 22:55:11:660 I-MONGO-STORE/(7346:7366): Se creó el hilo correctamente
[INFO] 22:55:14:602 I-MONGO-STORE/(7346:7346): NUEVA CONEXIÓN!
[INFO] 22:55:14:603 I-MONGO-STORE/(7346:7380): Se creó el hilo correctamente
[INFO] 18:37:38:497 I-MONGO-STORE/(9794:9794): SERVIDOR LEVANTADO! ESCUCHANDO EN 5002
[INFO] 18:37:59:147 I-MONGO-STORE/(9794:9794): NUEVA CONEXIÓN!
[INFO] 18:37:59:147 I-MONGO-STORE/(9794:9828): Se creó el hilo correctamente
[INFO] 18:39:37:830 I-MONGO-STORE/(9794:9794): NUEVA CONEXIÓN!
[INFO] 18:39:37:832 I-MONGO-STORE/(9794:9905): Se creó el hilo correctamente
[INFO] 12:25:31:137 I-MONGO-STORE/(5577:5577): SERVIDOR LEVANTADO! ESCUCHANDO EN 5002
[INFO] 12:26:14:218 I-MONGO-STORE/(5784:5784): SERVIDOR LEVANTADO! ESCUCHANDO EN 5002
[INFO] 12:26:29:200 I-MONGO-STORE/(5784:5784): NUEVA CONEXIÓN!
[INFO] 12:26:29:201 I-MONGO-STORE/(5784:5797): Se creó el hilo correctamente
[INFO] 12:30:00:810 I-MONGO-STORE/(5923:5923): SERVIDOR LEVANTADO! ESCUCHANDO EN 5002
[INFO] 12:31:20:169 I-MONGO-STORE/(5923:5923): NUEVA CONEXIÓN!
[INFO] 12:31:20:170 I-MONGO-STORE/(5923:5963): Se creó el hilo correctamente
[INFO] 12:34:28:212 I-MONGO-STORE/(6075:6075): SERVIDOR LEVANTADO! ESCUCHANDO EN 5002
[INFO] 12:34:32:196 I-MONGO-STORE/(6075:6075): NUEVA CONEXIÓN!
[INFO] 12:34:32:196 I-MONGO-STORE/(6075:6086): Se creó el hilo correctamente
[INFO] 12:34:56:576 I-MONGO-STORE/(6075:6075): NUEVA CONEXIÓN!
[INFO] 12:34:56:577 I-MONGO-STORE/(6075:6135): Se creó el hilo correctamente
[INFO] 12:42:17:634 I-MONGO-STORE/(6075:6075): NUEVA CONEXIÓN!
[INFO] 12:42:17:634 I-MONGO-STORE/(6075:6332): Se creó el hilo correctamente
[INFO] 12:53:53:116 I-MONGO-STORE/(7519:7519): SERVIDOR LEVANTADO! ESCUCHANDO EN 5002
[INFO] 12:53:59:748 I-MONGO-STORE/(7519:7519): NUEVA CONEXIÓN!
[INFO] 12:53:59:748 I-MONGO-STORE/(7519:7525): Se creó el hilo correctamente
[INFO] 12:54:41:638 I-MONGO-STORE/(7519:7519): NUEVA CONEXIÓN!
[INFO] 12:54:41:638 I-MONGO-STORE/(7519:7564): Se creó el hilo correctamente
[INFO] 12:54:54:146 I-MONGO-STORE/(7519:7519): NUEVA CONEXIÓN!
[INFO] 12:54:54:146 I-MONGO-STORE/(7519:7573): Se creó el hilo correctamente
[INFO] 12:55:49:655 I-MONGO-STORE/(7755:7755): SERVIDOR LEVANTADO! ESCUCHANDO EN 5002
[INFO] 12:55:58:534 I-MONGO-STORE/(7755:7755): NUEVA CONEXIÓN!
[INFO] 12:55:58:534 I-MONGO-STORE/(7755:7778): Se creó el hilo correctamente
[INFO] 12:09:09:999 I-MONGO-STORE/(5543:5543): SERVIDOR LEVANTADO! ESCUCHANDO EN 5002
[INFO] 12:09:45:634 I-MONGO-STORE/(5543:5543): NUEVA CONEXIÓN!
[INFO] 12:09:45:634 I-MONGO-STORE/(5543:5601): Se creó el hilo correctamente
[INFO] 18:20:22:896 I-MONGO-STORE/(8833:8833): SERVIDOR LEVANTADO! ESCUCHANDO EN 5002
[INFO] 18:20:35:058 I-MONGO-STORE/(8833:8833): NUEVA CONEXIÓN!
[INFO] 18:20:35:059 I-MONGO-STORE/(8833:8898): Se creó el hilo correctamente
[INFO] 13:21:42:734 I-MONGO-STORE/(5411:5411): SERVIDOR LEVANTADO! ESCUCHANDO EN 5002
[INFO] 13:21:49:821 I-MONGO-STORE/(5411:5411): NUEVA CONEXIÓN!
[INFO] 13:21:49:824 I-MONGO-STORE/(5411:5429): Se creó el hilo correctamente
[INFO] 13:33:32:837 I-MONGO-STORE/(5741:5741): SERVIDOR LEVANTADO! ESCUCHANDO EN 5002
[INFO] 13:33:49:431 I-MONGO-STORE/(5741:5741): NUEVA CONEXIÓN!
[INFO] 13:33:49:431 I-MONGO-STORE/(5741:5773): Se creó el hilo correctamente
[INFO] 14:03:34:420 I-MONGO-STORE/(9284:9284): SERVIDOR LEVANTADO! ESCUCHANDO EN 5002
[INFO] 14:03:49:208 I-MONGO-STORE/(9284:9284): NUEVA CONEXIÓN!
[INFO] 14:03:49:208 I-MONGO-STORE/(9284:9333): Se creó el hilo correctamente
[INFO] 14:04:47:956 I-MONGO-STORE/(9381:9381): SERVIDOR LEVANTADO! ESCUCHANDO EN 5002
[INFO] 14:04:51:486 I-MONGO-STORE/(9381:9381): NUEVA CONEXIÓN!
[INFO] 14:04:51:487 I-MONGO-STORE/(9381:9404): Se creó el hilo correctamente
[INFO] 14:07:00:084 I-MONGO-STORE/(9483:9483): SERVIDOR LEVANTADO! ESCUCHANDO EN 5002
[INFO] 14:07:06:104 I-MONGO-STORE/(9483:9483): NUEVA CONEXIÓN!
[INFO] 14:07:06:104 I-MONGO-STORE/(9483:9511): Se creó el hilo correctamente
[INFO] 01:22:23:440 I-MONGO-STORE/(6632:6632): SERVIDOR LEVANTADO! ESCUCHANDO EN 5002
[INFO] 01:23:01:957 I-MONGO-STORE/(6632:6632): NUEVA CONEXIÓN!
[INFO] 01:23:01:957 I-MONGO-STORE/(6632:6723): Se creó el hilo correctamente
[INFO] 01:23:32:88 I-MONGO-STORE/(6752:6752): SERVIDOR LEVANTADO! ESCUCHANDO EN 5002
[INFO] 01:23:35:373 I-MONGO-STORE/(6752:6752): NUEVA CONEXIÓN!
[INFO] 01:23:35:379 I-MONGO-STORE/(6752:6765): Se creó el hilo correctamente
[INFO] 01:25:00:217 I-MONGO-STORE/(6752:6752): NUEVA CONEXIÓN!
[INFO] 01:25:00:218 I-MONGO-STORE/(6752:6811): Se creó el hilo correctamente
[INFO] 01:25:16:249 I-MONGO-STORE/(6752:6752): NUEVA CONEXIÓN!
[INFO] 01:25:16:254 I-MONGO-STORE/(6752:6835): Se creó el hilo correctamente
[INFO] 01:25:56:637 I-MONGO-STORE/(6752:6752): NUEVA CONEXIÓN!
[INFO] 01:25:56:641 I-MONGO-STORE/(6752:6869): Se creó el hilo correctamente
[INFO] 01:28:50:137 I-MONGO-STORE/(6752:6752): NUEVA CONEXIÓN!
[INFO] 01:28:50:137 I-MONGO-STORE/(6752:6966): Se creó el hilo correctamente
[INFO] 01:29:11:605 I-MONGO-STORE/(6752:6752): NUEVA CONEXIÓN!
[INFO] 01:29:11:610 I-MONGO-STORE/(6752:6984): Se creó el hilo correctamente
[INFO] 01:39:44:341 I-MONGO-STORE/(6752:6752): NUEVA CONEXIÓN!
[INFO] 01:39:44:341 I-MONGO-STORE/(6752:7467): Se creó el hilo correctamente
[INFO] 01:40:53:789 I-MONGO-STORE/(6752:6752): NUEVA CONEXIÓN!
[INFO] 01:40:53:789 I-MONGO-STORE/(6752:7531): Se creó el hilo correctamente
[INFO] 01:41:09:221 I-MONGO-STORE/(6752:6752): NUEVA CONEXIÓN!
[INFO] 01:41:09:228 I-MONGO-STORE/(6752:7557): Se creó el hilo correctamente
[INFO] 01:43:53:803 I-MONGO-STORE/(6752:6752): NUEVA CONEXIÓN!
[INFO] 01:43:53:809 I-MONGO-STORE/(6752:7682): Se creó el hilo correctamente
[INFO] 01:44:58:643 I-MONGO-STORE/(6752:6752): NUEVA CONEXIÓN!
[INFO] 01:44:58:650 I-MONGO-STORE/(6752:7718): Se creó el hilo correctamente
[INFO] 01:45:56:660 I-MONGO-STORE/(6752:6752): NUEVA CONEXIÓN!
[INFO] 01:45:56:664 I-MONGO-STORE/(6752:7774): Se creó el hilo correctamente
[INFO] 01:47:51:622 I-MONGO-STORE/(6752:6752): NUEVA CONEXIÓN!
[INFO] 01:47:51:625 I-MONGO-STORE/(6752:7825): Se creó el hilo correctamente
[INFO] 01:49:22:623 I-MONGO-STORE/(6752:6752): NUEVA CONEXIÓN!
[INFO] 01:49:22:629 I-MONGO-STORE/(6752:7883): Se creó el hilo correctamente
[INFO] 01:52:15:420 I-MONGO-STORE/(6752:6752): NUEVA CONEXIÓN!
[INFO] 01:52:15:428 I-MONGO-STORE/(6752:7994): Se creó el hilo correctamente
[INFO] 01:52:48:737 I-MONGO-STORE/(6752:6752): NUEVA CONEXIÓN!
[INFO] 01:52:48:741 I-MONGO-STORE/(6752:8062): Se creó el hilo correctamente
[INFO] 01:55:04:444 I-MONGO-STORE/(6752:6752): NUEVA CONEXIÓN!
[INFO] 01:55:04:450 I-MONGO-STORE/(6752:8150): Se creó el hilo correctamente
[INFO] 01:56:19:743 I-MONGO-STORE/(6752:6752): NUEVA CONEXIÓN!
[INFO] 01:56:19:762 I-MONGO-STORE/(6752:8208): Se creó el hilo correctamente
[INFO] 02:02:03:305 I-MONGO-STORE/(6752:6752): NUEVA CONEXIÓN!
[INFO] 02:02:03:327 I-MONGO-STORE/(6752:8350): Se creó el hilo correctamente
[INFO] 18:59:47:357 I-MONGO-STORE/(5271:5271): SERVIDOR LEVANTADO! ESCUCHANDO EN 5002
[INFO] 19:06:38:878 I-MONGO-STORE/(5271:5271): NUEVA CONEXIÓN!
[INFO] 19:06:38:878 I-MONGO-STORE/(5271:5542): Se creó el hilo correctamente
[INFO] 19:14:38:893 I-MONGO-STORE/(5789:5789): SERVIDOR LEVANTADO! ESCUCHANDO EN 5002
[INFO] 19:14:49:963 I-MONGO-STORE/(5789:5789): NUEVA CONEXIÓN!
[INFO] 19:14:49:963 I-MONGO-STORE/(5789:5812): Se creó el hilo correctamente
[INFO] 19:15:28:318 I-MONGO-STORE/(5789:5789): NUEVA CONEXIÓN!
[INFO] 19:15:28:332 I-MONGO-STORE/(5789:5841): Se creó el hilo correctamente
[INFO] 19:18:52:345 I-MONGO-STORE/(5789:5789): NUEVA CONEXIÓN!
[INFO] 19:18:52:346 I-MONGO-STORE/(5789:5986): Se creó el hilo correctamente
[INFO] 19:24:35:522 I-MONGO-STORE/(5789:5789): NUEVA CONEXIÓN!
[INFO] 19:24:35:522 I-MONGO-STORE/(5789:6173): Se creó el hilo correctamente
[INFO] 20:22:02:14 I-MONGO-STORE/(7050:7050): SERVIDOR LEVANTADO! ESCUCHANDO EN 5002
[INFO] 20:22:09:548 I-MONGO-STORE/(7050:7050): NUEVA CONEXIÓN!
[INFO] 20:22:09:548 I-MONGO-STORE/(7050:7081): Se creó el hilo correctamente
[INFO] 20:23:50:913 I-MONGO-STORE/(7050:7050): NUEVA CONEXIÓN!
[INFO] 20:23:50:914 I-MONGO-STORE/(7050:7161): Se creó el hilo correctamente
[ERROR] 19:37:13:103 I-MONGO-STORE/(7736:7736): Fallo la inicializacion del Filesystem. Finalizando
[ERROR] 19:37:13:215 I-MONGO-STORE/(7736:7736): No se pudo abrir el archivo /home/utnso/polus/Superbloque.ims
[ERROR] 19:38:52:868 I-MONGO-STORE/(7845:7845): Fallo la inicializacion del Filesystem. Finalizando
[INFO] 19:38:53:026 I-MONGO-STORE/(7845:7845): FILESYSTEM INICIALIZADO DE 0 CON EXITO
[INFO] 19:38:53:034 I-MONGO-STORE/(7845:7845): SERVIDOR LEVANTADO! ESCUCHANDO EN 5002
[ERROR] 19:40:19:153 I-MONGO-STORE/(7927:7927): No pude crear la carpeta /home/utnso/polus
[INFO] 19:42:33:867 I-MONGO-STORE/(8073:8073): FILESYSTEM INICIALIZADO DE 0 CON EXITO
[INFO] 19:42:33:970 I-MONGO-STORE/(8073:8073): SERVIDOR LEVANTADO! ESCUCHANDO EN 5002
[INFO] 04:53:46:098 I-MONGO-STORE/(10351:10351): FILESYSTEM INICIALIZADO DE 0 CON EXITO
[INFO] 04:53:46:196 I-MONGO-STORE/(10351:10351): SERVIDOR LEVANTADO! ESCUCHANDO EN 5002
[ERROR] 04:55:17:283 I-MONGO-STORE/(10422:10422): No pude crear la carpeta /home/utnso/polus
[INFO] 04:55:29:343 I-MONGO-STORE/(10446:10446): FILESYSTEM INICIALIZADO DE 0 CON EXITO
[INFO] 04:55:29:440 I-MONGO-STORE/(10446:10446): SERVIDOR LEVANTADO! ESCUCHANDO EN 5002
[ERROR] 04:56:57:563 I-MONGO-STORE/(10570:10570): No pude crear la carpeta /home/utnso/polus
[INFO] 04:57:12:360 I-MONGO-STORE/(10597:10597): FILESYSTEM INICIALIZADO DE 0 CON EXITO
[INFO] 04:57:12:455 I-MONGO-STORE/(10597:10597): SERVIDOR LEVANTADO! ESCUCHANDO EN 5002
[INFO] 16:46:47:305 I-MONGO-STORE/(4138:4138): FILESYSTEM INICIALIZADO DE 0 CON EXITO
[INFO] 16:46:47:410 I-MONGO-STORE/(4138:4138): SERVIDOR LEVANTADO! ESCUCHANDO EN 5002
[ERROR] 16:47:57:240 I-MONGO-STORE/(4261:4261): No pude crear la carpeta /home/utnso/polus
[INFO] 16:48:31:719 I-MONGO-STORE/(4291:4291): FILESYSTEM INICIALIZADO DE 0 CON EXITO
[INFO] 16:48:31:830 I-MONGO-STORE/(4291:4291): SERVIDOR LEVANTADO! ESCUCHANDO EN 5002
[ERROR] 17:11:35:003 I-MONGO-STORE/(5350:5350): No pude crear la carpeta /home/utnso/polus
[INFO] 17:11:49:789 I-MONGO-STORE/(5381:5381): cant bloques: 8, tam bloques: 4096
[INFO] 17:11:49:880 I-MONGO-STORE/(5381:5381): FILESYSTEM INICIALIZADO DE 0 CON EXITO
[INFO] 17:11:49:887 I-MONGO-STORE/(5381:5381): SERVIDOR LEVANTADO! ESCUCHANDO EN 5002
[ERROR] 17:17:54:579 I-MONGO-STORE/(5583:5583): No pude crear la carpeta /home/utnso/polus
[INFO] 17:18:09:200 I-MONGO-STORE/(5611:5611): cant bloques: 8, tam bloques: 4096, 
[INFO] 17:18:09:309 I-MONGO-STORE/(5611:5611): FILESYSTEM INICIALIZADO DE 0 CON EXITO
[INFO] 17:18:09:316 I-MONGO-STORE/(5611:5611): SERVIDOR LEVANTADO! ESCUCHANDO EN 5002
[INFO] 17:19:37:419 I-MONGO-STORE/(5699:5699): cant bloques: 8, tam bloques: 4096, 
[INFO] 17:19:37:525 I-MONGO-STORE/(5699:5699): FILESYSTEM INICIALIZADO DE 0 CON EXITO
[INFO] 17:19:37:542 I-MONGO-STORE/(5699:5699): SERVIDOR LEVANTADO! ESCUCHANDO EN 5002
[ERROR] 17:19:37:562 I-MONGO-STORE/(5699:5699): ERROR ACEPTANDO CONEXIONES: Socket operation on non-socket
[ERROR] 17:19:37:567 I-MONGO-STORE/(5699:5699): ERROR ACEPTANDO CONEXIONES: Socket operation on non-socket
[ERROR] 17:19:37:569 I-MONGO-STORE/(5699:5699): ERROR ACEPTANDO CONEXIONES: Socket operation on non-socket
[ERROR] 17:19:37:569 I-MONGO-STORE/(5699:5699): ERROR ACEPTANDO CONEXIONES: Socket operation on non-socket
[ERROR] 17:19:37:569 I-MONGO-STORE/(5699:5699): ERROR ACEPTANDO CONEXIONES: Socket operation on non-socket
[ERROR] 17:19:37:571 I-MONGO-STORE/(5699:5699): ERROR ACEPTANDO CONEXIONES: Socket operation on non-socket
[ERROR] 17:19:37:571 I-MONGO-STORE/(5699:5699): ERROR ACEPTANDO CONEXIONES: Socket operation on non-socket
[ERROR] 17:19:37:572 I-MONGO-STORE/(5699:5699): ERROR ACEPTANDO CONEXIONES: Socket operation on non-socket
[ERROR] 17:19:37:573 I-MONGO-STORE/(5699:5699): ERROR ACEPTANDO CONEXIONES: Socket operation on non-socket
[ERROR] 17:19:37:575 I-MONGO-STORE/(5699:5699): ERROR ACEPTANDO CONEXIONES: Socket operation on non-socket
[ERROR] 17:19:37:578 I-MONGO-STORE/(5699:5699): ERROR ACEPTANDO CONEXIONES: Socket operation on non-socket
[ERROR] 17:19:37:580 I-MONGO-STORE/(5699:5699): ERROR ACEPTANDO CONEXIONES: Socket operation on non-socket
[ERROR] 17:19:37:583 I-MONGO-STORE/(5699:5699): ERROR ACEPTANDO CONEXIONES: Socket operation on non-socket
[ERROR] 17:19:37:585 I-MONGO-STORE/(5699:5699): ERROR ACEPTANDO CONEXIONES: Socket operation on non-socket
[ERROR] 17:19:37:586 I-MONGO-STORE/(5699:5699): ERROR ACEPTANDO CONEXIONES: Socket operation on non-socket
[ERROR] 17:19:37:586 I-MONGO-STORE/(5699:5699): ERROR ACEPTANDO CONEXIONES: Socket operation on non-socket
[ERROR] 17:19:37:587 I-MONGO-STORE/(5699:5699): ERROR ACEPTANDO CONEXIONES: Socket operation on non-socket
[ERROR] 17:19:37:587 I-MONGO-STORE/(5699:5699): ERROR ACEPTANDO CONEXIONES: Socket operation on non-socket
[ERROR] 17:19:37:588 I-MONGO-STORE/(5699:5699): ERROR ACEPTANDO CONEXIONES: Socket operation on non-socket
[ERROR] 17:19:37:589 I-MONGO-STORE/(5699:5699): ERROR ACEPTANDO CONEXIONES: Socket operation on non-socket
[ERROR] 17:19:37:589 I-MONGO-STORE/(5699:5699): ERROR ACEPTANDO CONEXIONES: Socket operation on non-socket
[ERROR] 17:19:37:590 I-MONGO-STORE/(5699:5699): ERROR ACEPTANDO CONEXIONES: Socket operation on non-socket
[ERROR] 17:19:37:594 I-MONGO-STORE/(5699:5699): ERROR ACEPTANDO CONEXIONES: Socket operation on non-socket
[ERROR] 17:19:37:596 I-MONGO-STORE/(5699:5699): ERROR ACEPTANDO CONEXIONES: Socket operation on non-socket
[ERROR] 17:19:37:598 I-MONGO-STORE/(5699:5699): ERROR ACEPTANDO CONEXIONES: Socket operation on non-socket
[ERROR] 17:19:37:599 I-MONGO-STORE/(5699:5699): ERROR ACEPTANDO CONEXIONES: Socket operation on non-socket
[ERROR] 17:19:37:600 I-MONGO-STORE/(5699:5699): ERROR ACEPTANDO CONEXIONES: Socket operation on non-socket
[ERROR] 17:19:37:601 I-MONGO-STORE/(5699:5699): ERROR ACEPTANDO CONEXIONES: Socket operation on non-socket
[ERROR] 17:19:37:601 I-MONGO-STORE/(5699:5699): ERROR ACEPTANDO CONEXIONES: Socket operation on non-socket
[ERROR] 17:19:37:602 I-MONGO-STORE/(5699:5699): ERROR ACEPTANDO CONEXIONES: Socket operation on non-socket
[ERROR] 17:19:37:602 I-MONGO-STORE/(5699:5699): ERROR ACEPTANDO CONEXIONES: Socket operation on non-socket
[ERROR] 17:19:37:603 I-MONGO-STORE/(5699:5699): ERROR ACEPTANDO CONEXIONES: Socket operation on non-socket
[ERROR] 17:19:37:604 I-MONGO-STORE/(5699:5699): ERROR ACEPTANDO CONEXIONES: Socket operation on non-socket
[ERROR] 17:19:37:604 I-MONGO-STORE/(5699:5699): ERROR ACEPTANDO CONEXIONES: Socket operation on non-socket
[ERROR] 17:19:37:605 I-MONGO-STORE/(5699:5699): ERROR ACEPTANDO CONEXIONES: Socket operation on non-socket
[ERROR] 17:19:37:605 I-MONGO-STORE/(5699:5699): ERROR ACEPTANDO CONEXIONES: Socket operation on non-socket
[ERROR] 17:19:37:606 I-MONGO-STORE/(5699:5699): ERROR ACEPTANDO CONEXIONES: Socket operation on non-socket
[ERROR] 17:19:37:606 I-MONGO-STORE/(5699:5699): ERROR ACEPTANDO CONEXIONES: Socket operation on non-socket
[ERROR] 17:19:37:607 I-MONGO-STORE/(5699:5699): ERROR ACEPTANDO CONEXIONES: Socket operation on non-socket
[ERROR] 17:19:37:608 I-MONGO-STORE/(5699:5699): ERROR ACEPTANDO CONEXIONES: Socket operation on non-socket
[ERROR] 17:19:37:609 I-MONGO-STORE/(5699:5699): ERROR ACEPTANDO CONEXIONES: Socket operation on non-socket
[ERROR] 17:19:37:609 I-MONGO-STORE/(5699:5699): ERROR ACEPTANDO CONEXIONES: Socket operation on non-socket
[ERROR] 17:19:37:609 I-MONGO-STORE/(5699:5699): ERROR ACEPTANDO CONEXIONES: Socket operation on non-socket
[ERROR] 17:19:37:610 I-MONGO-STORE/(5699:5699): ERROR ACEPTANDO CONEXIONES: Socket operation on non-socket
[ERROR] 17:19:37:610 I-MONGO-STORE/(5699:5699): ERROR ACEPTANDO CONEXIONES: Socket operation on non-socket
[ERROR] 17:19:37:612 I-MONGO-STORE/(5699:5699): ERROR ACEPTANDO CONEXIONES: Socket operation on non-socket
[ERROR] 17:19:37:613 I-MONGO-STORE/(5699:5699): ERROR ACEPTANDO CONEXIONES: Socket operation on non-socket
[ERROR] 17:19:37:614 I-MONGO-STORE/(5699:5699): ERROR ACEPTANDO CONEXIONES: Socket operation on non-socket
[ERROR] 17:19:37:614 I-MONGO-STORE/(5699:5699): ERROR ACEPTANDO CONEXIONES: Socket operation on non-socket
[ERROR] 17:19:37:614 I-MONGO-STORE/(5699:5699): ERROR ACEPTANDO CONEXIONES: Socket operation on non-socket
[ERROR] 17:19:37:615 I-MONGO-STORE/(5699:5699): ERROR ACEPTANDO CONEXIONES: Socket operation on non-socket
[ERROR] 17:19:37:616 I-MONGO-STORE/(5699:5699): ERROR ACEPTANDO CONEXIONES: Socket operation on non-socket
[ERROR] 17:19:37:616 I-MONGO-STORE/(5699:5699): ERROR ACEPTANDO CONEXIONES: Socket operation on non-socket
[ERROR] 17:19:37:617 I-MONGO-STORE/(5699:5699): ERROR ACEPTANDO CONEXIONES: Socket operation on non-socket
[ERROR] 17:19:37:618 I-MONGO-STORE/(5699:5699): ERROR ACEPTANDO CONEXIONES: Socket operation on non-socket
[ERROR] 17:19:37:620 I-MONGO-STORE/(5699:5699): ERROR ACEPTANDO CONEXIONES: Socket operation on non-socket
[ERROR] 17:19:37:621 I-MONGO-STORE/(5699:5699): ERROR ACEPTANDO CONEXIONES: Socket operation on non-socket
[ERROR] 17:19:37:621 I-MONGO-STORE/(5699:5699): ERROR ACEPTANDO CONEXIONES: Socket operation on non-socket
[ERROR] 17:19:37:622 I-MONGO-STORE/(5699:5699): ERROR ACEPTANDO CONEXIONES: Socket operation on non-socket
[ERROR] 17:19:37:622 I-MONGO-STORE/(5699:5699): ERROR ACEPTANDO CONEXIONES: Socket operation on non-socket
[ERROR] 17:19:37:623 I-MONGO-STORE/(5699:5699): ERROR ACEPTANDO CONEXIONES: Socket operation on non-socket
[ERROR] 17:19:37:624 I-MONGO-STORE/(5699:5699): ERROR ACEPTANDO CONEXIONES: Socket operation on non-socket
[ERROR] 17:19:37:625 I-MONGO-STORE/(5699:5699): ERROR ACEPTANDO CONEXIONES: Socket operation on non-socket
[ERROR] 17:19:37:625 I-MONGO-STORE/(5699:5699): ERROR ACEPTANDO CONEXIONES: Socket operation on non-socket
[ERROR] 17:19:37:626 I-MONGO-STORE/(5699:5699): ERROR ACEPTANDO CONEXIONES: Socket operation on non-socket
[ERROR] 17:19:37:626 I-MONGO-STORE/(5699:5699): ERROR ACEPTANDO CONEXIONES: Socket operation on non-socket
[ERROR] 17:19:37:626 I-MONGO-STORE/(5699:5699): ERROR ACEPTANDO CONEXIONES: Socket operation on non-socket
[ERROR] 17:19:37:627 I-MONGO-STORE/(5699:5699): ERROR ACEPTANDO CONEXIONES: Socket operation on non-socket
[ERROR] 17:19:37:628 I-MONGO-STORE/(5699:5699): ERROR ACEPTANDO CONEXIONES: Socket operation on non-socket
[ERROR] 17:19:37:629 I-MONGO-STORE/(5699:5699): ERROR ACEPTANDO CONEXIONES: Socket operation on non-socket
[ERROR] 17:19:37:630 I-MONGO-STORE/(5699:5699): ERROR ACEPTANDO CONEXIONES: Socket operation on non-socket
[ERROR] 17:19:37:631 I-MONGO-STORE/(5699:5699): ERROR ACEPTANDO CONEXIONES: Socket operation on non-socket
[ERROR] 17:19:37:634 I-MONGO-STORE/(5699:5699): ERROR ACEPTANDO CONEXIONES: Socket operation on non-socket
[ERROR] 17:19:37:635 I-MONGO-STORE/(5699:5699): ERROR ACEPTANDO CONEXIONES: Socket operation on non-socket
[ERROR] 17:19:37:636 I-MONGO-STORE/(5699:5699): ERROR ACEPTANDO CONEXIONES: Socket operation on non-socket
[ERROR] 17:19:37:637 I-MONGO-STORE/(5699:5699): ERROR ACEPTANDO CONEXIONES: Socket operation on non-socket
[ERROR] 17:19:37:638 I-MONGO-STORE/(5699:5699): ERROR ACEPTANDO CONEXIONES: Socket operation on non-socket
[ERROR] 17:19:37:638 I-MONGO-STORE/(5699:5699): ERROR ACEPTANDO CONEXIONES: Socket operation on non-socket
[ERROR] 17:19:37:640 I-MONGO-STORE/(5699:5699): ERROR ACEPTANDO CONEXIONES: Socket operation on non-socket
[ERROR] 17:19:37:641 I-MONGO-STORE/(5699:5699): ERROR ACEPTANDO CONEXIONES: Socket operation on non-socket
[ERROR] 17:19:37:641 I-MONGO-STORE/(5699:5699): ERROR ACEPTANDO CONEXIONES: Socket operation on non-socket
[ERROR] 17:19:37:642 I-MONGO-STORE/(5699:5699): ERROR ACEPTANDO CONEXIONES: Socket operation on non-socket
[ERROR] 17:19:37:643 I-MONGO-STORE/(5699:5699): ERROR ACEPTANDO CONEXIONES: Socket operation on non-socket
[ERROR] 17:19:37:644 I-MONGO-STORE/(5699:5699): ERROR ACEPTANDO CONEXIONES: Socket operation on non-socket
[ERROR] 17:19:37:645 I-MONGO-STORE/(5699:5699): ERROR ACEPTANDO CONEXIONES: Socket operation on non-socket
[ERROR] 17:19:37:645 I-MONGO-STORE/(5699:5699): ERROR ACEPTANDO CONEXIONES: Socket operation on non-socket
[ERROR] 17:19:37:646 I-MONGO-STORE/(5699:5699): ERROR ACEPTANDO CONEXIONES: Socket operation on non-socket
[ERROR] 17:19:37:646 I-MONGO-STORE/(5699:5699): ERROR ACEPTANDO CONEXIONES: Socket operation on non-socket
[ERROR] 17:19:37:647 I-MONGO-STORE/(5699:5699): ERROR ACEPTANDO CONEXIONES: Socket operation on non-socket
[ERROR] 17:19:37:647 I-MONGO-STORE/(5699:5699): ERROR ACEPTANDO CONEXIONES: Socket operation on non-socket
[ERROR] 17:19:37:648 I-MONGO-STORE/(5699:5699): ERROR ACEPTANDO CONEXIONES: Socket operation on non-socket
[ERROR] 17:19:37:648 I-MONGO-STORE/(5699:5699): ERROR ACEPTANDO CONEXIONES: Socket operation on non-socket
[ERROR] 17:19:37:649 I-MONGO-STORE/(5699:5699): ERROR ACEPTANDO CONEXIONES: Socket operation on non-socket
[ERROR] 17:19:37:652 I-MONGO-STORE/(5699:5699): ERROR ACEPTANDO CONEXIONES: Socket operation on non-socket
[ERROR] 17:19:37:653 I-MONGO-STORE/(5699:5699): ERROR ACEPTANDO CONEXIONES: Socket operation on non-socket
[ERROR] 17:19:37:653 I-MONGO-STORE/(5699:5699): ERROR ACEPTANDO CONEXIONES: Socket operation on non-socket
[ERROR] 17:19:37:654 I-MONGO-STORE/(5699:5699): ERROR ACEPTANDO CONEXIONES: Socket operation on non-socket
[ERROR] 17:19:37:654 I-MONGO-STORE/(5699:5699): ERROR ACEPTANDO CONEXIONES: Socket operation on non-socket
[ERROR] 17:19:37:655 I-MONGO-STORE/(5699:5699): ERROR ACEPTANDO CONEXIONES: Socket operation on non-socket
[ERROR] 17:19:37:656 I-MONGO-STORE/(5699:5699): ERROR ACEPTANDO CONEXIONES: Socket operation on non-socket
[ERROR] 17:19:37:656 I-MONGO-STORE/(5699:5699): ERROR ACEPTANDO CONEXIONES: Socket operation on non-socket
[ERROR] 17:19:37:656 I-MONGO-STORE/(5699:5699): ERROR ACEPTANDO CONEXIONES: Socket operation on non-socket
[ERROR] 17:19:37:657 I-MONGO-STORE/(5699:5699): ERROR ACEPTANDO CONEXIONES: Socket operation on non-socket
[ERROR] 17:19:37:657 I-MONGO-STORE/(5699:5699): ERROR ACEPTANDO CONEXIONES: Socket operation on non-socket
[ERROR] 17:19:37:658 I-MONGO-STORE/(5699:5699): ERROR ACEPTANDO CONEXIONES: Socket operation on non-socket
[ERROR] 17:19:37:658 I-MONGO-STORE/(5699:5699): ERROR ACEPTANDO CONEXIONES: Socket operation on non-socket
[ERROR] 17:19:37:659 I-MONGO-STORE/(5699:5699): ERROR ACEPTANDO CONEXIONES: Socket operation on non-socket
[ERROR] 17:19:37:659 I-MONGO-STORE/(5699:5699): ERROR ACEPTANDO CONEXIONES: Socket operation on non-socket
[ERROR] 17:19:37:660 I-MONGO-STORE/(5699:5699): ERROR ACEPTANDO CONEXIONES: Socket operation on non-socket
[ERROR] 17:19:37:660 I-MONGO-STORE/(5699:5699): ERROR ACEPTANDO CONEXIONES: Socket operation on non-socket
[ERROR] 17:19:37:661 I-MONGO-STORE/(5699:5699): ERROR ACEPTANDO CONEXIONES: Socket operation on non-socket
[ERROR] 17:19:37:661 I-MONGO-STORE/(5699:5699): ERROR ACEPTANDO CONEXIONES: Socket operation on non-socket
[ERROR] 17:19:37:662 I-MONGO-STORE/(5699:5699): ERROR ACEPTANDO CONEXIONES: Socket operation on non-socket
[ERROR] 17:19:37:663 I-MONGO-STORE/(5699:5699): ERROR ACEPTANDO CONEXIONES: Socket operation on non-socket
[ERROR] 17:19:37:663 I-MONGO-STORE/(5699:5699): ERROR ACEPTANDO CONEXIONES: Socket operation on non-socket
[ERROR] 17:19:37:664 I-MONGO-STORE/(5699:5699): ERROR ACEPTANDO CONEXIONES: Socket operation on non-socket
[ERROR] 17:19:37:665 I-MONGO-STORE/(5699:5699): ERROR ACEPTANDO CONEXIONES: Socket operation on non-socket
[ERROR] 17:19:37:665 I-MONGO-STORE/(5699:5699): ERROR ACEPTANDO CONEXIONES: Socket operation on non-socket
[ERROR] 17:19:37:666 I-MONGO-STORE/(5699:5699): ERROR ACEPTANDO CONEXIONES: Socket operation on non-socket
[ERROR] 17:19:37:666 I-MONGO-STORE/(5699:5699): ERROR ACEPTANDO CONEXIONES: Socket operation on non-socket
[ERROR] 17:19:37:668 I-MONGO-STORE/(5699:5699): ERROR ACEPTANDO CONEXIONES: Socket operation on non-socket
[ERROR] 17:19:37:670 I-MONGO-STORE/(5699:5699): ERROR ACEPTANDO CONEXIONES: Socket operation on non-socket
[ERROR] 17:19:37:671 I-MONGO-STORE/(5699:5699): ERROR ACEPTANDO CONEXIONES: Socket operation on non-socket
[ERROR] 17:19:37:673 I-MONGO-STORE/(5699:5699): ERROR ACEPTANDO CONEXIONES: Socket operation on non-socket
[ERROR] 17:19:37:673 I-MONGO-STORE/(5699:5699): ERROR ACEPTANDO CONEXIONES: Socket operation on non-socket
[ERROR] 17:19:37:674 I-MONGO-STORE/(5699:5699): ERROR ACEPTANDO CONEXIONES: Socket operation on non-socket
[ERROR] 17:19:37:674 I-MONGO-STORE/(5699:5699): ERROR ACEPTANDO CONEXIONES: Socket operation on non-socket
[ERROR] 17:19:37:675 I-MONGO-STORE/(5699:5699): ERROR ACEPTANDO CONEXIONES: Socket operation on non-socket
[ERROR] 17:19:37:676 I-MONGO-STORE/(5699:5699): ERROR ACEPTANDO CONEXIONES: Socket operation on non-socket
[ERROR] 17:19:37:677 I-MONGO-STORE/(5699:5699): ERROR ACEPTANDO CONEXIONES: Socket operation on non-socket
[ERROR] 17:19:37:677 I-MONGO-STORE/(5699:5699): ERROR ACEPTANDO CONEXIONES: Socket operation on non-socket
[ERROR] 17:19:37:678 I-MONGO-STORE/(5699:5699): ERROR ACEPTANDO CONEXIONES: Socket operation on non-socket
[ERROR] 17:19:37:678 I-MONGO-STORE/(5699:5699): ERROR ACEPTANDO CONEXIONES: Socket operation on non-socket
[ERROR] 17:19:37:680 I-MONGO-STORE/(5699:5699): ERROR ACEPTANDO CONEXIONES: Socket operation on non-socket
[ERROR] 17:19:37:680 I-MONGO-STORE/(5699:5699): ERROR ACEPTANDO CONEXIONES: Socket operation on non-socket
[ERROR] 17:19:37:681 I-MONGO-STORE/(5699:5699): ERROR ACEPTANDO CONEXIONES: Socket operation on non-socket
[ERROR] 17:19:37:682 I-MONGO-STORE/(5699:5699): ERROR ACEPTANDO CONEXIONES: Socket operation on non-socket
[ERROR] 17:19:37:682 I-MONGO-STORE/(5699:5699): ERROR ACEPTANDO CONEXIONES: Socket operation on non-socket
[ERROR] 17:19:37:683 I-MONGO-STORE/(5699:5699): ERROR ACEPTANDO CONEXIONES: Socket operation on non-socket
[ERROR] 17:19:37:685 I-MONGO-STORE/(5699:5699): ERROR ACEPTANDO CONEXIONES: Socket operation on non-socket
[ERROR] 17:19:37:685 I-MONGO-STORE/(5699:5699): ERROR ACEPTANDO CONEXIONES: Socket operation on non-socket
[ERROR] 17:19:37:686 I-MONGO-STORE/(5699:5699): ERROR ACEPTANDO CONEXIONES: Socket operation on non-socket
[ERROR] 17:19:37:686 I-MONGO-STORE/(5699:5699): ERROR ACEPTANDO CONEXIONES: Socket operation on non-socket
[ERROR] 17:19:37:687 I-MONGO-STORE/(5699:5699): ERROR ACEPTANDO CONEXIONES: Socket operation on non-socket
[ERROR] 17:19:37:687 I-MONGO-STORE/(5699:5699): ERROR ACEPTANDO CONEXIONES: Socket operation on non-socket
[ERROR] 17:19:37:688 I-MONGO-STORE/(5699:5699): ERROR ACEPTANDO CONEXIONES: Socket operation on non-socket
[ERROR] 17:19:37:689 I-MONGO-STORE/(5699:5699): ERROR ACEPTANDO CONEXIONES: Socket operation on non-socket
[ERROR] 17:19:37:689 I-MONGO-STORE/(5699:5699): ERROR ACEPTANDO CONEXIONES: Socket operation on non-socket
[ERROR] 17:19:37:690 I-MONGO-STORE/(5699:5699): ERROR ACEPTANDO CONEXIONES: Socket operation on non-socket
[ERROR] 17:19:37:690 I-MONGO-STORE/(5699:5699): ERROR ACEPTANDO CONEXIONES: Socket operation on non-socket
[ERROR] 17:19:37:691 I-MONGO-STORE/(5699:5699): ERROR ACEPTANDO CONEXIONES: Socket operation on non-socket
[ERROR] 17:19:37:692 I-MONGO-STORE/(5699:5699): ERROR ACEPTANDO CONEXIONES: Socket operation on non-socket
[ERROR] 17:19:37:693 I-MONGO-STORE/(5699:5699): ERROR ACEPTANDO CONEXIONES: Socket operation on non-socket
[ERROR] 17:19:37:693 I-MONGO-STORE/(5699:5699): ERROR ACEPTANDO CONEXIONES: Socket operation on non-socket
[ERROR] 17:19:37:694 I-MONGO-STORE/(5699:5699): ERROR ACEPTANDO CONEXIONES: Socket operation on non-socket
[ERROR] 17:19:37:988 I-MONGO-STORE/(5699:5699): ERROR ACEPTANDO CONEXIONES: Socket operation on non-socket
[ERROR] 17:19:37:989 I-MONGO-STORE/(5699:5699): ERROR ACEPTANDO CONEXIONES: Socket operation on non-socket
[ERROR] 17:19:37:990 I-MONGO-STORE/(5699:5699): ERROR ACEPTANDO CONEXIONES: Socket operation on non-socket
[ERROR] 17:19:37:990 I-MONGO-STORE/(5699:5699): ERROR ACEPTANDO CONEXIONES: Socket operation on non-socket
[ERROR] 17:19:37:993 I-MONGO-STORE/(5699:5699): ERROR ACEPTANDO CONEXIONES: Socket operation on non-socket
[ERROR] 17:19:37:993 I-MONGO-STORE/(5699:5699): ERROR ACEPTANDO CONEXIONES: Socket operation on non-socket
[ERROR] 17:19:37:998 I-MONGO-STORE/(5699:5699): ERROR ACEPTANDO CONEXIONES: Socket operation on non-socket
[ERROR] 17:19:37:999 I-MONGO-STORE/(5699:5699): ERROR ACEPTANDO CONEXIONES: Socket operation on non-socket
[ERROR] 17:19:38:000 I-MONGO-STORE/(5699:5699): ERROR ACEPTANDO CONEXIONES: Socket operation on non-socket
[ERROR] 17:19:38:002 I-MONGO-STORE/(5699:5699): ERROR ACEPTANDO CONEXIONES: Socket operation on non-socket
[ERROR] 17:19:38:003 I-MONGO-STORE/(5699:5699): ERROR ACEPTANDO CONEXIONES: Socket operation on non-socket
[ERROR] 17:19:38:020 I-MONGO-STORE/(5699:5699): ERROR ACEPTANDO CONEXIONES: Socket operation on non-socket
[ERROR] 17:19:38:024 I-MONGO-STORE/(5699:5699): ERROR ACEPTANDO CONEXIONES: Socket operation on non-socket
[ERROR] 17:19:38:024 I-MONGO-STORE/(5699:5699): ERROR ACEPTANDO CONEXIONES: Socket operation on non-socket
[ERROR] 17:19:38:025 I-MONGO-STORE/(5699:5699): ERROR ACEPTANDO CONEXIONES: Socket operation on non-socket
[ERROR] 17:19:38:025 I-MONGO-STORE/(5699:5699): ERROR ACEPTANDO CONEXIONES: Socket operation on non-socket
[ERROR] 17:19:38:026 I-MONGO-STORE/(5699:5699): ERROR ACEPTANDO CONEXIONES: Socket operation on non-socket
[ERROR] 17:19:38:033 I-MONGO-STORE/(5699:5699): ERROR ACEPTANDO CONEXIONES: Socket operation on non-socket
[ERROR] 17:19:38:034 I-MONGO-STORE/(5699:5699): ERROR ACEPTANDO CONEXIONES: Socket operation on non-socket
[ERROR] 17:19:38:034 I-MONGO-STORE/(5699:5699): ERROR ACEPTANDO CONEXIONES: Socket operation on non-socket
[ERROR] 17:19:38:035 I-MONGO-STORE/(5699:5699): ERROR ACEPTANDO CONEXIONES: Socket operation on non-socket
[ERROR] 17:19:38:036 I-MONGO-STORE/(5699:5699): ERROR ACEPTANDO CONEXIONES: Socket operation on non-socket
[ERROR] 17:19:38:036 I-MONGO-STORE/(5699:5699): ERROR ACEPTANDO CONEXIONES: Socket operation on non-socket
[ERROR] 17:19:38:037 I-MONGO-STORE/(5699:5699): ERROR ACEPTANDO CONEXIONES: Socket operation on non-socket
[ERROR] 17:19:38:037 I-MONGO-STORE/(5699:5699): ERROR ACEPTANDO CONEXIONES: Socket operation on non-socket
[ERROR] 17:19:38:038 I-MONGO-STORE/(5699:5699): ERROR ACEPTANDO CONEXIONES: Socket operation on non-socket
[ERROR] 17:19:38:038 I-MONGO-STORE/(5699:5699): ERROR ACEPTANDO CONEXIONES: Socket operation on non-socket
[ERROR] 17:19:38:039 I-MONGO-STORE/(5699:5699): ERROR ACEPTANDO CONEXIONES: Socket operation on non-socket
[ERROR] 17:19:38:039 I-MONGO-STORE/(5699:5699): ERROR ACEPTANDO CONEXIONES: Socket operation on non-socket
[ERROR] 17:19:38:048 I-MONGO-STORE/(5699:5699): ERROR ACEPTANDO CONEXIONES: Socket operation on non-socket
[ERROR] 17:19:38:126 I-MONGO-STORE/(5699:5699): ERROR ACEPTANDO CONEXIONES: Socket operation on non-socket
[ERROR] 17:19:38:128 I-MONGO-STORE/(5699:5699): ERROR ACEPTANDO CONEXIONES: Socket operation on non-socket
[ERROR] 17:19:38:134 I-MONGO-STORE/(5699:5699): ERROR ACEPTANDO CONEXIONES: Socket operation on non-socket
[ERROR] 17:19:38:136 I-MONGO-STORE/(5699:5699): ERROR ACEPTANDO CONEXIONES: Socket operation on non-socket
[ERROR] 17:19:38:137 I-MONGO-STORE/(5699:5699): ERROR ACEPTANDO CONEXIONES: Socket operation on non-socket
[ERROR] 17:19:38:138 I-MONGO-STORE/(5699:5699): ERROR ACEPTANDO CONEXIONES: Socket operation on non-socket
[ERROR] 17:19:38:138 I-MONGO-STORE/(5699:5699): ERROR ACEPTANDO CONEXIONES: Socket operation on non-socket
[ERROR] 17:19:38:139 I-MONGO-STORE/(5699:5699): ERROR ACEPTANDO CONEXIONES: Socket operation on non-socket
[ERROR] 17:19:38:140 I-MONGO-STORE/(5699:5699): ERROR ACEPTANDO CONEXIONES: Socket operation on non-socket
[ERROR] 17:19:38:140 I-MONGO-STORE/(5699:5699): ERROR ACEPTANDO CONEXIONES: Socket operation on non-socket
[ERROR] 17:19:38:141 I-MONGO-STORE/(5699:5699): ERROR ACEPTANDO CONEXIONES: Socket operation on non-socket
[ERROR] 17:19:38:142 I-MONGO-STORE/(5699:5699): ERROR ACEPTANDO CONEXIONES: Socket operation on non-socket
[ERROR] 17:19:38:143 I-MONGO-STORE/(5699:5699): ERROR ACEPTANDO CONEXIONES: Socket operation on non-socket
[ERROR] 17:19:38:143 I-MONGO-STORE/(5699:5699): ERROR ACEPTANDO CONEXIONES: Socket operation on non-socket
[ERROR] 17:19:38:144 I-MONGO-STORE/(5699:5699): ERROR ACEPTANDO CONEXIONES: Socket operation on non-socket
[ERROR] 17:19:38:144 I-MONGO-STORE/(5699:5699): ERROR ACEPTANDO CONEXIONES: Socket operation on non-socket
[ERROR] 17:19:38:145 I-MONGO-STORE/(5699:5699): ERROR ACEPTANDO CONEXIONES: Socket operation on non-socket
[ERROR] 17:19:38:146 I-MONGO-STORE/(5699:5699): ERROR ACEPTANDO CONEXIONES: Socket operation on non-socket
[ERROR] 17:19:38:146 I-MONGO-STORE/(5699:5699): ERROR ACEPTANDO CONEXIONES: Socket operation on non-socket
[ERROR] 17:19:38:147 I-MONGO-STORE/(5699:5699): ERROR ACEPTANDO CONEXIONES: Socket operation on non-socket
[ERROR] 17:19:38:148 I-MONGO-STORE/(5699:5699): ERROR ACEPTANDO CONEXIONES: Socket operation on non-socket
[ERROR] 17:19:38:148 I-MONGO-STORE/(5699:5699): ERROR ACEPTANDO CONEXIONES: Socket operation on non-socket
[ERROR] 17:19:38:149 I-MONGO-STORE/(5699:5699): ERROR ACEPTANDO CONEXIONES: Socket operation on non-socket
[ERROR] 17:19:38:150 I-MONGO-STORE/(5699:5699): ERROR ACEPTANDO CONEXIONES: Socket operation on non-socket
[ERROR] 17:19:38:151 I-MONGO-STORE/(5699:5699): ERROR ACEPTANDO CONEXIONES: Socket operation on non-socket
[ERROR] 17:19:38:152 I-MONGO-STORE/(5699:5699): ERROR ACEPTANDO CONEXIONES: Socket operation on non-socket
[ERROR] 17:19:38:153 I-MONGO-STORE/(5699:5699): ERROR ACEPTANDO CONEXIONES: Socket operation on non-socket
[ERROR] 17:19:38:154 I-MONGO-STORE/(5699:5699): ERROR ACEPTANDO CONEXIONES: Socket operation on non-socket
[ERROR] 17:19:38:154 I-MONGO-STORE/(5699:5699): ERROR ACEPTANDO CONEXIONES: Socket operation on non-socket
[ERROR] 17:19:38:155 I-MONGO-STORE/(5699:5699): ERROR ACEPTANDO CONEXIONES: Socket operation on non-socket
[ERROR] 17:19:38:155 I-MONGO-STORE/(5699:5699): ERROR ACEPTANDO CONEXIONES: Socket operation on non-socket
[ERROR] 17:19:38:156 I-MONGO-STORE/(5699:5699): ERROR ACEPTANDO CONEXIONES: Socket operation on non-socket
[ERROR] 17:19:38:156 I-MONGO-STORE/(5699:5699): ERROR ACEPTANDO CONEXIONES: Socket operation on non-socket
[ERROR] 17:19:38:157 I-MONGO-STORE/(5699:5699): ERROR ACEPTANDO CONEXIONES: Socket operation on non-socket
[ERROR] 17:19:38:158 I-MONGO-STORE/(5699:5699): ERROR ACEPTANDO CONEXIONES: Socket operation on non-socket
[ERROR] 17:19:38:158 I-MONGO-STORE/(5699:5699): ERROR ACEPTANDO CONEXIONES: Socket operation on non-socket
[ERROR] 17:19:38:160 I-MONGO-STORE/(5699:5699): ERROR ACEPTANDO CONEXIONES: Socket operation on non-socket
[ERROR] 17:19:38:161 I-MONGO-STORE/(5699:5699): ERROR ACEPTANDO CONEXIONES: Socket operation on non-socket
[ERROR] 17:19:38:162 I-MONGO-STORE/(5699:5699): ERROR ACEPTANDO CONEXIONES: Socket operation on non-socket
[ERROR] 17:19:38:163 I-MONGO-STORE/(5699:5699): ERROR ACEPTANDO CONEXIONES: Socket operation on non-socket
[ERROR] 17:19:38:164 I-MONGO-STORE/(5699:5699): ERROR ACEPTANDO CONEXIONES: Socket operation on non-socket
[ERROR] 17:19:38:165 I-MONGO-STORE/(5699:5699): ERROR ACEPTANDO CONEXIONES: Socket operation on non-socket
[ERROR] 17:19:38:165 I-MONGO-STORE/(5699:5699): ERROR ACEPTANDO CONEXIONES: Socket operation on non-socket
[ERROR] 17:19:38:166 I-MONGO-STORE/(5699:5699): ERROR ACEPTANDO CONEXIONES: Socket operation on non-socket
[ERROR] 17:19:38:166 I-MONGO-STORE/(5699:5699): ERROR ACEPTANDO CONEXIONES: Socket operation on non-socket
[ERROR] 17:19:38:166 I-MONGO-STORE/(5699:5699): ERROR ACEPTANDO CONEXIONES: Socket operation on non-socket
[ERROR] 17:19:38:167 I-MONGO-STORE/(5699:5699): ERROR ACEPTANDO CONEXIONES: Socket operation on non-socket
[ERROR] 17:19:38:168 I-MONGO-STORE/(5699:5699): ERROR ACEPTANDO CONEXIONES: Socket operation on non-socket
[ERROR] 17:19:38:168 I-MONGO-STORE/(5699:5699): ERROR ACEPTANDO CONEXIONES: Socket operation on non-socket
[ERROR] 17:19:38:169 I-MONGO-STORE/(5699:5699): ERROR ACEPTANDO CONEXIONES: Socket operation on non-socket
[ERROR] 17:19:38:169 I-MONGO-STORE/(5699:5699): ERROR ACEPTANDO CONEXIONES: Socket operation on non-socket
[ERROR] 17:19:38:170 I-MONGO-STORE/(5699:5699): ERROR ACEPTANDO CONEXIONES: Socket operation on non-socket
[ERROR] 17:19:38:170 I-MONGO-STORE/(5699:5699): ERROR ACEPTANDO CONEXIONES: Socket operation on non-socket
[ERROR] 17:19:38:170 I-MONGO-STORE/(5699:5699): ERROR ACEPTANDO CONEXIONES: Socket operation on non-socket
[ERROR] 17:19:38:171 I-MONGO-STORE/(5699:5699): ERROR ACEPTANDO CONEXIONES: Socket operation on non-socket
[ERROR] 17:19:38:172 I-MONGO-STORE/(5699:5699): ERROR ACEPTANDO CONEXIONES: Socket operation on non-socket
[ERROR] 17:19:38:173 I-MONGO-STORE/(5699:5699): ERROR ACEPTANDO CONEXIONES: Socket operation on non-socket
[ERROR] 17:19:38:174 I-MONGO-STORE/(5699:5699): ERROR ACEPTANDO CONEXIONES: Socket operation on non-socket
[ERROR] 17:19:38:174 I-MONGO-STORE/(5699:5699): ERROR ACEPTANDO CONEXIONES: Socket operation on non-socket
[ERROR] 17:19:38:176 I-MONGO-STORE/(5699:5699): ERROR ACEPTANDO CONEXIONES: Socket operation on non-socket
[ERROR] 17:19:38:176 I-MONGO-STORE/(5699:5699): ERROR ACEPTANDO CONEXIONES: Socket operation on non-socket
[ERROR] 17:19:38:177 I-MONGO-STORE/(5699:5699): ERROR ACEPTANDO CONEXIONES: Socket operation on non-socket
[ERROR] 17:19:38:177 I-MONGO-STORE/(5699:5699): ERROR ACEPTANDO CONEXIONES: Socket operation on non-socket
[ERROR] 17:19:38:178 I-MONGO-STORE/(5699:5699): ERROR ACEPTANDO CONEXIONES: Socket operation on non-socket
[ERROR] 17:19:38:178 I-MONGO-STORE/(5699:5699): ERROR ACEPTANDO CONEXIONES: Socket operation on non-socket
[ERROR] 17:19:38:179 I-MONGO-STORE/(5699:5699): ERROR ACEPTANDO CONEXIONES: Socket operation on non-socket
[ERROR] 17:19:38:180 I-MONGO-STORE/(5699:5699): ERROR ACEPTANDO CONEXIONES: Socket operation on non-socket
[ERROR] 17:19:38:181 I-MONGO-STORE/(5699:5699): ERROR ACEPTANDO CONEXIONES: Socket operation on non-socket
[ERROR] 17:19:38:182 I-MONGO-STORE/(5699:5699): ERROR ACEPTANDO CONEXIONES: Socket operation on non-socket
[ERROR] 17:19:38:182 I-MONGO-STORE/(5699:5699): ERROR ACEPTANDO CONEXIONES: Socket operation on non-socket
[ERROR] 17:19:38:183 I-MONGO-STORE/(5699:5699): ERROR ACEPTANDO CONEXIONES: Socket operation on non-socket
[ERROR] 17:19:38:186 I-MONGO-STORE/(5699:5699): ERROR ACEPTANDO CONEXIONES: Socket operation on non-socket
[ERROR] 17:19:38:187 I-MONGO-STORE/(5699:5699): ERROR ACEPTANDO CONEXIONES: Socket operation on non-socket
[ERROR] 17:19:38:187 I-MONGO-STORE/(5699:5699): ERROR ACEPTANDO CONEXIONES: Socket operation on non-socket
[ERROR] 17:19:38:188 I-MONGO-STORE/(5699:5699): ERROR ACEPTANDO CONEXIONES: Socket operation on non-socket
[ERROR] 17:19:38:189 I-MONGO-STORE/(5699:5699): ERROR ACEPTANDO CONEXIONES: Socket operation on non-socket
[ERROR] 17:19:38:189 I-MONGO-STORE/(5699:5699): ERROR ACEPTANDO CONEXIONES: Socket operation on non-socket
[ERROR] 17:19:38:189 I-MONGO-STORE/(5699:5699): ERROR ACEPTANDO CONEXIONES: Socket operation on non-socket
[ERROR] 17:19:38:190 I-MONGO-STORE/(5699:5699): ERROR ACEPTANDO CONEXIONES: Socket operation on non-socket
[ERROR] 17:19:38:191 I-MONGO-STORE/(5699:5699): ERROR ACEPTANDO CONEXIONES: Socket operation on non-socket
[ERROR] 17:19:38:193 I-MONGO-STORE/(5699:5699): ERROR ACEPTANDO CONEXIONES: Socket operation on non-socket
[ERROR] 17:19:38:197 I-MONGO-STORE/(5699:5699): ERROR ACEPTANDO CONEXIONES: Socket operation on non-socket
[ERROR] 17:19:38:197 I-MONGO-STORE/(5699:5699): ERROR ACEPTANDO CONEXIONES: Socket operation on non-socket
[ERROR] 17:19:38:198 I-MONGO-STORE/(5699:5699): ERROR ACEPTANDO CONEXIONES: Socket operation on non-socket
[ERROR] 17:19:38:200 I-MONGO-STORE/(5699:5699): ERROR ACEPTANDO CONEXIONES: Socket operation on non-socket
[ERROR] 17:19:38:205 I-MONGO-STORE/(5699:5699): ERROR ACEPTANDO CONEXIONES: Socket operation on non-socket
[ERROR] 17:19:38:207 I-MONGO-STORE/(5699:5699): ERROR ACEPTANDO CONEXIONES: Socket operation on non-socket
[ERROR] 17:19:38:210 I-MONGO-STORE/(5699:5699): ERROR ACEPTANDO CONEXIONES: Socket operation on non-socket
[ERROR] 17:19:38:211 I-MONGO-STORE/(5699:5699): ERROR ACEPTANDO CONEXIONES: Socket operation on non-socket
[ERROR] 17:19:38:212 I-MONGO-STORE/(5699:5699): ERROR ACEPTANDO CONEXIONES: Socket operation on non-socket
[ERROR] 17:19:38:214 I-MONGO-STORE/(5699:5699): ERROR ACEPTANDO CONEXIONES: Socket operation on non-socket
[ERROR] 17:19:38:216 I-MONGO-STORE/(5699:5699): ERROR ACEPTANDO CONEXIONES: Socket operation on non-socket
[ERROR] 17:19:38:217 I-MONGO-STORE/(5699:5699): ERROR ACEPTANDO CONEXIONES: Socket operation on non-socket
[ERROR] 17:19:38:218 I-MONGO-STORE/(5699:5699): ERROR ACEPTANDO CONEXIONES: Socket operation on non-socket
[ERROR] 17:19:38:219 I-MONGO-STORE/(5699:5699): ERROR ACEPTANDO CONEXIONES: Socket operation on non-socket
[ERROR] 17:19:38:221 I-MONGO-STORE/(5699:5699): ERROR ACEPTANDO CONEXIONES: Socket operation on non-socket
[ERROR] 17:19:38:221 I-MONGO-STORE/(5699:5699): ERROR ACEPTANDO CONEXIONES: Socket operation on non-socket
[ERROR] 17:19:38:222 I-MONGO-STORE/(5699:5699): ERROR ACEPTANDO CONEXIONES: Socket operation on non-socket
[ERROR] 17:19:38:224 I-MONGO-STORE/(5699:5699): ERROR ACEPTANDO CONEXIONES: Socket operation on non-socket
[ERROR] 17:19:38:225 I-MONGO-STORE/(5699:5699): ERROR ACEPTANDO CONEXIONES: Socket operation on non-socket
[ERROR] 17:19:38:225 I-MONGO-STORE/(5699:5699): ERROR ACEPTANDO CONEXIONES: Socket operation on non-socket
[ERROR] 17:19:38:226 I-MONGO-STORE/(5699:5699): ERROR ACEPTANDO CONEXIONES: Socket operation on non-socket
[ERROR] 17:19:38:226 I-MONGO-STORE/(5699:5699): ERROR ACEPTANDO CONEXIONES: Socket operation on non-socket
[ERROR] 17:19:38:228 I-MONGO-STORE/(5699:5699): ERROR ACEPTANDO CONEXIONES: Socket operation on non-socket
[ERROR] 17:19:38:229 I-MONGO-STORE/(5699:5699): ERROR ACEPTANDO CONEXIONES: Socket operation on non-socket
[ERROR] 17:19:38:230 I-MONGO-STORE/(5699:5699): ERROR ACEPTANDO CONEXIONES: Socket operation on non-socket
[ERROR] 17:19:38:232 I-MONGO-STORE/(5699:5699): ERROR ACEPTANDO CONEXIONES: Socket operation on non-socket
[ERROR] 17:19:38:232 I-MONGO-STORE/(5699:5699): ERROR ACEPTANDO CONEXIONES: Socket operation on non-socket
[ERROR] 17:19:38:234 I-MONGO-STORE/(5699:5699): ERROR ACEPTANDO CONEXIONES: Socket operation on non-socket
[ERROR] 17:19:38:235 I-MONGO-STORE/(5699:5699): ERROR ACEPTANDO CONEXIONES: Socket operation on non-socket
[ERROR] 17:19:38:236 I-MONGO-STORE/(5699:5699): ERROR ACEPTANDO CONEXIONES: Socket operation on non-socket
[ERROR] 17:19:38:237 I-MONGO-STORE/(5699:5699): ERROR ACEPTANDO CONEXIONES: Socket operation on non-socket
[ERROR] 17:19:38:237 I-MONGO-STORE/(5699:5699): ERROR ACEPTANDO CONEXIONES: Socket operation on non-socket
[ERROR] 17:19:38:238 I-MONGO-STORE/(5699:5699): ERROR ACEPTANDO CONEXIONES: Socket operation on non-socket
[ERROR] 17:19:38:239 I-MONGO-STORE/(5699:5699): ERROR ACEPTANDO CONEXIONES: Socket operation on non-socket
[ERROR] 17:19:38:239 I-MONGO-STORE/(5699:5699): ERROR ACEPTANDO CONEXIONES: Socket operation on non-socket
[ERROR] 17:19:38:240 I-MONGO-STORE/(5699:5699): ERROR ACEPTANDO CONEXIONES: Socket operation on non-socket
[ERROR] 17:19:38:241 I-MONGO-STORE/(5699:5699): ERROR ACEPTANDO CONEXIONES: Socket operation on non-socket
[ERROR] 17:19:38:243 I-MONGO-STORE/(5699:5699): ERROR ACEPTANDO CONEXIONES: Socket operation on non-socket
[ERROR] 17:19:38:244 I-MONGO-STORE/(5699:5699): ERROR ACEPTANDO CONEXIONES: Socket operation on non-socket
[ERROR] 17:19:38:245 I-MONGO-STORE/(5699:5699): ERROR ACEPTANDO CONEXIONES: Socket operation on non-socket
[ERROR] 17:19:38:246 I-MONGO-STORE/(5699:5699): ERROR ACEPTANDO CONEXIONES: Socket operation on non-socket
[ERROR] 17:19:38:247 I-MONGO-STORE/(5699:5699): ERROR ACEPTANDO CONEXIONES: Socket operation on non-socket
[ERROR] 17:19:38:248 I-MONGO-STORE/(5699:5699): ERROR ACEPTANDO CONEXIONES: Socket operation on non-socket
[ERROR] 17:19:38:249 I-MONGO-STORE/(5699:5699): ERROR ACEPTANDO CONEXIONES: Socket operation on non-socket
[ERROR] 17:19:38:250 I-MONGO-STORE/(5699:5699): ERROR ACEPTANDO CONEXIONES: Socket operation on non-socket
[ERROR] 17:19:38:251 I-MONGO-STORE/(5699:5699): ERROR ACEPTANDO CONEXIONES: Socket operation on non-socket
[ERROR] 17:19:38:253 I-MONGO-STORE/(5699:5699): ERROR ACEPTANDO CONEXIONES: Socket operation on non-socket
[ERROR] 17:19:38:254 I-MONGO-STORE/(5699:5699): ERROR ACEPTANDO CONEXIONES: Socket operation on non-socket
[ERROR] 17:19:38:254 I-MONGO-STORE/(5699:5699): ERROR ACEPTANDO CONEXIONES: Socket operation on non-socket
[ERROR] 17:19:38:255 I-MONGO-STORE/(5699:5699): ERROR ACEPTANDO CONEXIONES: Socket operation on non-socket
[ERROR] 17:19:38:255 I-MONGO-STORE/(5699:5699): ERROR ACEPTANDO CONEXIONES: Socket operation on non-socket
[ERROR] 17:19:38:255 I-MONGO-STORE/(5699:5699): ERROR ACEPTANDO CONEXIONES: Socket operation on non-socket
[ERROR] 17:19:38:256 I-MONGO-STORE/(5699:5699): ERROR ACEPTANDO CONEXIONES: Socket operation on non-socket
[ERROR] 17:19:38:256 I-MONGO-STORE/(5699:5699): ERROR ACEPTANDO CONEXIONES: Socket operation on non-socket
[ERROR] 17:19:38:258 I-MONGO-STORE/(5699:5699): ERROR ACEPTANDO CONEXIONES: Socket operation on non-socket
[ERROR] 17:19:38:260 I-MONGO-STORE/(5699:5699): ERROR ACEPTANDO CONEXIONES: Socket operation on non-socket
[ERROR] 17:19:38:261 I-MONGO-STORE/(5699:5699): ERROR ACEPTANDO CONEXIONES: Socket operation on non-socket
[ERROR] 17:19:38:263 I-MONGO-STORE/(5699:5699): ERROR ACEPTANDO CONEXIONES: Socket operation on non-socket
[ERROR] 17:19:38:265 I-MONGO-STORE/(5699:5699): ERROR ACEPTANDO CONEXIONES: Socket operation on non-socket
[ERROR] 17:19:38:266 I-MONGO-STORE/(5699:5699): ERROR ACEPTANDO CONEXIONES: Socket operation on non-socket
[ERROR] 17:19:38:266 I-MONGO-STORE/(5699:5699): ERROR ACEPTANDO CONEXIONES: Socket operation on non-socket
[ERROR] 17:19:38:267 I-MONGO-STORE/(5699:5699): ERROR ACEPTANDO CONEXIONES: Socket operation on non-socket
[ERROR] 17:19:38:269 I-MONGO-STORE/(5699:5699): ERROR ACEPTANDO CONEXIONES: Socket operation on non-socket
[ERROR] 17:19:38:269 I-MONGO-STORE/(5699:5699): ERROR ACEPTANDO CONEXIONES: Socket operation on non-socket
[ERROR] 17:19:38:270 I-MONGO-STORE/(5699:5699): ERROR ACEPTANDO CONEXIONES: Socket operation on non-socket
[ERROR] 17:19:38:271 I-MONGO-STORE/(5699:5699): ERROR ACEPTANDO CONEXIONES: Socket operation on non-socket
[ERROR] 17:19:38:274 I-MONGO-STORE/(5699:5699): ERROR ACEPTANDO CONEXIONES: Socket operation on non-socket
[ERROR] 17:19:38:275 I-MONGO-STORE/(5699:5699): ERROR ACEPTANDO CONEXIONES: Socket operation on non-socket
[ERROR] 17:19:38:276 I-MONGO-STORE/(5699:5699): ERROR ACEPTANDO CONEXIONES: Socket operation on non-socket
[ERROR] 17:19:38:276 I-MONGO-STORE/(5699:5699): ERROR ACEPTANDO CONEXIONES: Socket operation on non-socket
[ERROR] 17:19:38:277 I-MONGO-STORE/(5699:5699): ERROR ACEPTANDO CONEXIONES: Socket operation on non-socket
[ERROR] 17:19:38:277 I-MONGO-STORE/(5699:5699): ERROR ACEPTANDO CONEXIONES: Socket operation on non-socket
[ERROR] 17:19:38:278 I-MONGO-STORE/(5699:5699): ERROR ACEPTANDO CONEXIONES: Socket operation on non-socket
[ERROR] 17:19:38:278 I-MONGO-STORE/(5699:5699): ERROR ACEPTANDO CONEXIONES: Socket operation on non-socket
[ERROR] 17:19:38:279 I-MONGO-STORE/(5699:5699): ERROR ACEPTANDO CONEXIONES: Socket operation on non-socket
[ERROR] 17:19:38:280 I-MONGO-STORE/(5699:5699): ERROR ACEPTANDO CONEXIONES: Socket operation on non-socket
[ERROR] 17:19:38:282 I-MONGO-STORE/(5699:5699): ERROR ACEPTANDO CONEXIONES: Socket operation on non-socket
[ERROR] 17:19:39:660 I-MONGO-STORE/(5699:5699): ERROR ACEPTANDO CONEXIONES: Socket operation on non-socket
[ERROR] 17:19:39:660 I-MONGO-STORE/(5699:5699): ERROR ACEPTANDO CONEXIONES: Socket operation on non-socket
[ERROR] 17:19:39:661 I-MONGO-STORE/(5699:5699): ERROR ACEPTANDO CONEXIONES: Socket operation on non-socket
[ERROR] 17:19:39:662 I-MONGO-STORE/(5699:5699): ERROR ACEPTANDO CONEXIONES: Socket operation on non-socket
[ERROR] 17:19:39:663 I-MONGO-STORE/(5699:5699): ERROR ACEPTANDO CONEXIONES: Socket operation on non-socket
[ERROR] 17:19:39:664 I-MONGO-STORE/(5699:5699): ERROR ACEPTANDO CONEXIONES: Socket operation on non-socket
[ERROR] 17:19:39:665 I-MONGO-STORE/(5699:5699): ERROR ACEPTANDO CONEXIONES: Socket operation on non-socket
[ERROR] 17:19:39:666 I-MONGO-STORE/(5699:5699): ERROR ACEPTANDO CONEXIONES: Socket operation on non-socket
[ERROR] 17:19:39:666 I-MONGO-STORE/(5699:5699): ERROR ACEPTANDO CONEXIONES: Socket operation on non-socket
[ERROR] 17:19:39:667 I-MONGO-STORE/(5699:5699): ERROR ACEPTANDO CONEXIONES: Socket operation on non-socket
[ERROR] 17:19:39:667 I-MONGO-STORE/(5699:5699): ERROR ACEPTANDO CONEXIONES: Socket operation on non-socket
[ERROR] 17:19:39:669 I-MONGO-STORE/(5699:5699): ERROR ACEPTANDO CONEXIONES: Socket operation on non-socket
[ERROR] 17:19:39:670 I-MONGO-STORE/(5699:5699): ERROR ACEPTANDO CONEXIONES: Socket operation on non-socket
[ERROR] 17:19:39:670 I-MONGO-STORE/(5699:5699): ERROR ACEPTANDO CONEXIONES: Socket operation on non-socket
[ERROR] 17:19:39:671 I-MONGO-STORE/(5699:5699): ERROR ACEPTANDO CONEXIONES: Socket operation on non-socket
[ERROR] 17:19:39:672 I-MONGO-STORE/(5699:5699): ERROR ACEPTANDO CONEXIONES: Socket operation on non-socket
[ERROR] 17:19:39:672 I-MONGO-STORE/(5699:5699): ERROR ACEPTANDO CONEXIONES: Socket operation on non-socket
[ERROR] 17:19:39:673 I-MONGO-STORE/(5699:5699): ERROR ACEPTANDO CONEXIONES: Socket operation on non-socket
[ERROR] 17:19:39:675 I-MONGO-STORE/(5699:5699): ERROR ACEPTANDO CONEXIONES: Socket operation on non-socket
[ERROR] 17:19:39:677 I-MONGO-STORE/(5699:5699): ERROR ACEPTANDO CONEXIONES: Socket operation on non-socket
[ERROR] 17:19:39:678 I-MONGO-STORE/(5699:5699): ERROR ACEPTANDO CONEXIONES: Socket operation on non-socket
[ERROR] 17:19:39:679 I-MONGO-STORE/(5699:5699): ERROR ACEPTANDO CONEXIONES: Socket operation on non-socket
[ERROR] 17:19:39:681 I-MONGO-STORE/(5699:5699): ERROR ACEPTANDO CONEXIONES: Socket operation on non-socket
[ERROR] 17:19:39:683 I-MONGO-STORE/(5699:5699): ERROR ACEPTANDO CONEXIONES: Socket operation on non-socket
[ERROR] 17:19:39:688 I-MONGO-STORE/(5699:5699): ERROR ACEPTANDO CONEXIONES: Socket operation on non-socket
[ERROR] 17:19:39:688 I-MONGO-STORE/(5699:5699): ERROR ACEPTANDO CONEXIONES: Socket operation on non-socket
[ERROR] 17:19:39:689 I-MONGO-STORE/(5699:5699): ERROR ACEPTANDO CONEXIONES: Socket operation on non-socket
[ERROR] 17:19:39:690 I-MONGO-STORE/(5699:5699): ERROR ACEPTANDO CONEXIONES: Socket operation on non-socket
[ERROR] 17:19:39:691 I-MONGO-STORE/(5699:5699): ERROR ACEPTANDO CONEXIONES: Socket operation on non-socket
[ERROR] 17:19:39:692 I-MONGO-STORE/(5699:5699): ERROR ACEPTANDO CONEXIONES: Socket operation on non-socket
[ERROR] 17:19:39:692 I-MONGO-STORE/(5699:5699): ERROR ACEPTANDO CONEXIONES: Socket operation on non-socket
[ERROR] 17:19:39:693 I-MONGO-STORE/(5699:5699): ERROR ACEPTANDO CONEXIONES: Socket operation on non-socket
[ERROR] 17:19:39:693 I-MONGO-STORE/(5699:5699): ERROR ACEPTANDO CONEXIONES: Socket operation on non-socket
[ERROR] 17:19:39:698 I-MONGO-STORE/(5699:5699): ERROR ACEPTANDO CONEXIONES: Socket operation on non-socket
[ERROR] 17:19:39:700 I-MONGO-STORE/(5699:5699): ERROR ACEPTANDO CONEXIONES: Socket operation on non-socket
[ERROR] 17:19:39:702 I-MONGO-STORE/(5699:5699): ERROR ACEPTANDO CONEXIONES: Socket operation on non-socket
[ERROR] 17:19:39:706 I-MONGO-STORE/(5699:5699): ERROR ACEPTANDO CONEXIONES: Socket operation on non-socket
[ERROR] 17:19:39:706 I-MONGO-STORE/(5699:5699): ERROR ACEPTANDO CONEXIONES: Socket operation on non-socket
[ERROR] 17:19:39:707 I-MONGO-STORE/(5699:5699): ERROR ACEPTANDO CONEXIONES: Socket operation on non-socket
[ERROR] 17:19:39:707 I-MONGO-STORE/(5699:5699): ERROR ACEPTANDO CONEXIONES: Socket operation on non-socket
[ERROR] 17:19:39:708 I-MONGO-STORE/(5699:5699): ERROR ACEPTANDO CONEXIONES: Socket operation on non-socket
[ERROR] 17:19:39:708 I-MONGO-STORE/(5699:5699): ERROR ACEPTANDO CONEXIONES: Socket operation on non-socket
[ERROR] 17:19:39:708 I-MONGO-STORE/(5699:5699): ERROR ACEPTANDO CONEXIONES: Socket operation on non-socket
[ERROR] 17:19:39:709 I-MONGO-STORE/(5699:5699): ERROR ACEPTANDO CONEXIONES: Socket operation on non-socket
[ERROR] 17:19:39:709 I-MONGO-STORE/(5699:5699): ERROR ACEPTANDO CONEXIONES: Socket operation on non-socket
[ERROR] 17:19:39:710 I-MONGO-STORE/(5699:5699): ERROR ACEPTANDO CONEXIONES: Socket operation on non-socket
[ERROR] 17:19:39:710 I-MONGO-STORE/(5699:5699): ERROR ACEPTANDO CONEXIONES: Socket operation on non-socket
[ERROR] 17:19:39:710 I-MONGO-STORE/(5699:5699): ERROR ACEPTANDO CONEXIONES: Socket operation on non-socket
[ERROR] 17:19:39:711 I-MONGO-STORE/(5699:5699): ERROR ACEPTANDO CONEXIONES: Socket operation on non-socket
[ERROR] 17:19:39:715 I-MONGO-STORE/(5699:5699): ERROR ACEPTANDO CONEXIONES: Socket operation on non-socket
[ERROR] 17:19:39:717 I-MONGO-STORE/(5699:5699): ERROR ACEPTANDO CONEXIONES: Socket operation on non-socket
[ERROR] 17:19:39:718 I-MONGO-STORE/(5699:5699): ERROR ACEPTANDO CONEXIONES: Socket operation on non-socket
[ERROR] 17:19:39:719 I-MONGO-STORE/(5699:5699): ERROR ACEPTANDO CONEXIONES: Socket operation on non-socket
[ERROR] 17:19:39:720 I-MONGO-STORE/(5699:5699): ERROR ACEPTANDO CONEXIONES: Socket operation on non-socket
[ERROR] 17:19:39:720 I-MONGO-STORE/(5699:5699): ERROR ACEPTANDO CONEXIONES: Socket operation on non-socket
[ERROR] 17:19:39:721 I-MONGO-STORE/(5699:5699): ERROR ACEPTANDO CONEXIONES: Socket operation on non-socket
[ERROR] 17:19:39:723 I-MONGO-STORE/(5699:5699): ERROR ACEPTANDO CONEXIONES: Socket operation on non-socket
[ERROR] 17:19:39:723 I-MONGO-STORE/(5699:5699): ERROR ACEPTANDO CONEXIONES: Socket operation on non-socket
[ERROR] 17:19:39:724 I-MONGO-STORE/(5699:5699): ERROR ACEPTANDO CONEXIONES: Socket operation on non-socket
[ERROR] 17:19:39:724 I-MONGO-STORE/(5699:5699): ERROR ACEPTANDO CONEXIONES: Socket operation on non-socket
[ERROR] 17:19:39:725 I-MONGO-STORE/(5699:5699): ERROR ACEPTANDO CONEXIONES: Socket operation on non-socket
[ERROR] 17:19:39:726 I-MONGO-STORE/(5699:5699): ERROR ACEPTANDO CONEXIONES: Socket operation on non-socket
[ERROR] 17:19:39:727 I-MONGO-STORE/(5699:5699): ERROR ACEPTANDO CONEXIONES: Socket operation on non-socket
[ERROR] 17:19:39:727 I-MONGO-STORE/(5699:5699): ERROR ACEPTANDO CONEXIONES: Socket operation on non-socket
[ERROR] 17:19:39:728 I-MONGO-STORE/(5699:5699): ERROR ACEPTANDO CONEXIONES: Socket operation on non-socket
[ERROR] 17:19:39:728 I-MONGO-STORE/(5699:5699): ERROR ACEPTANDO CONEXIONES: Socket operation on non-socket
[ERROR] 17:19:39:729 I-MONGO-STORE/(5699:5699): ERROR ACEPTANDO CONEXIONES: Socket operation on non-socket
[ERROR] 17:19:39:729 I-MONGO-STORE/(5699:5699): ERROR ACEPTANDO CONEXIONES: Socket operation on non-socket
[ERROR] 17:19:39:730 I-MONGO-STORE/(5699:5699): ERROR ACEPTANDO CONEXIONES: Socket operation on non-socket
[ERROR] 17:19:39:731 I-MONGO-STORE/(5699:5699): ERROR ACEPTANDO CONEXIONES: Socket operation on non-socket
[ERROR] 17:19:39:732 I-MONGO-STORE/(5699:5699): ERROR ACEPTANDO CONEXIONES: Socket operation on non-socket
[ERROR] 17:19:39:732 I-MONGO-STORE/(5699:5699): ERROR ACEPTANDO CONEXIONES: Socket operation on non-socket
[ERROR] 17:19:39:733 I-MONGO-STORE/(5699:5699): ERROR ACEPTANDO CONEXIONES: Socket operation on non-socket
[ERROR] 17:19:39:733 I-MONGO-STORE/(5699:5699): ERROR ACEPTANDO CONEXIONES: Socket operation on non-socket
[ERROR] 17:19:39:734 I-MONGO-STORE/(5699:5699): ERROR ACEPTANDO CONEXIONES: Socket operation on non-socket
[ERROR] 17:19:39:734 I-MONGO-STORE/(5699:5699): ERROR ACEPTANDO CONEXIONES: Socket operation on non-socket
[ERROR] 17:19:39:735 I-MONGO-STORE/(5699:5699): ERROR ACEPTANDO CONEXIONES: Socket operation on non-socket
[ERROR] 17:19:39:736 I-MONGO-STORE/(5699:5699): ERROR ACEPTANDO CONEXIONES: Socket operation on non-socket
[ERROR] 17:19:39:737 I-MONGO-STORE/(5699:5699): ERROR ACEPTANDO CONEXIONES: Socket operation on non-socket
[ERROR] 17:19:39:737 I-MONGO-STORE/(5699:5699): ERROR ACEPTANDO CONEXIONES: Socket operation on non-socket
[ERROR] 17:19:39:738 I-MONGO-STORE/(5699:5699): ERROR ACEPTANDO CONEXIONES: Socket operation on non-socket
[ERROR] 17:19:39:738 I-MONGO-STORE/(5699:5699): ERROR ACEPTANDO CONEXIONES: Socket operation on non-socket
[ERROR] 17:19:39:740 I-MONGO-STORE/(5699:5699): ERROR ACEPTANDO CONEXIONES: Socket operation on non-socket
[ERROR] 17:19:39:741 I-MONGO-STORE/(5699:5699): ERROR ACEPTANDO CONEXIONES: Socket operation on non-socket
[ERROR] 17:19:39:744 I-MONGO-STORE/(5699:5699): ERROR ACEPTANDO CONEXIONES: Socket operation on non-socket
[ERROR] 17:19:39:745 I-MONGO-STORE/(5699:5699): ERROR ACEPTANDO CONEXIONES: Socket operation on non-socket
[ERROR] 17:19:39:746 I-MONGO-STORE/(5699:5699): ERROR ACEPTANDO CONEXIONES: Socket operation on non-socket
[ERROR] 17:19:39:746 I-MONGO-STORE/(5699:5699): ERROR ACEPTANDO CONEXIONES: Socket operation on non-socket
[ERROR] 17:19:39:749 I-MONGO-STORE/(5699:5699): ERROR ACEPTANDO CONEXIONES: Socket operation on non-socket
[ERROR] 17:19:39:750 I-MONGO-STORE/(5699:5699): ERROR ACEPTANDO CONEXIONES: Socket operation on non-socket
[ERROR] 17:19:39:751 I-MONGO-STORE/(5699:5699): ERROR ACEPTANDO CONEXIONES: Socket operation on non-socket
[ERROR] 17:19:39:753 I-MONGO-STORE/(5699:5699): ERROR ACEPTANDO CONEXIONES: Socket operation on non-socket
[ERROR] 17:19:39:753 I-MONGO-STORE/(5699:5699): ERROR ACEPTANDO CONEXIONES: Socket operation on non-socket
[ERROR] 17:19:39:754 I-MONGO-STORE/(5699:5699): ERROR ACEPTANDO CONEXIONES: Socket operation on non-socket
[ERROR] 17:19:39:754 I-MONGO-STORE/(5699:5699): ERROR ACEPTANDO CONEXIONES: Socket operation on non-socket
[ERROR] 17:19:39:755 I-MONGO-STORE/(5699:5699): ERROR ACEPTANDO CONEXIONES: Socket operation on non-socket
[ERROR] 17:19:39:756 I-MONGO-STORE/(5699:5699): ERROR ACEPTANDO CONEXIONES: Socket operation on non-socket
[ERROR] 17:19:39:757 I-MONGO-STORE/(5699:5699): ERROR ACEPTANDO CONEXIONES: Socket operation on non-socket
[ERROR] 17:19:39:758 I-MONGO-STORE/(5699:5699): ERROR ACEPTANDO CONEXIONES: Socket operation on non-socket
[ERROR] 17:19:39:758 I-MONGO-STORE/(5699:5699): ERROR ACEPTANDO CONEXIONES: Socket operation on non-socket
[ERROR] 17:19:39:761 I-MONGO-STORE/(5699:5699): ERROR ACEPTANDO CONEXIONES: Socket operation on non-socket
[ERROR] 17:19:39:762 I-MONGO-STORE/(5699:5699): ERROR ACEPTANDO CONEXIONES: Socket operation on non-socket
[ERROR] 17:19:39:763 I-MONGO-STORE/(5699:5699): ERROR ACEPTANDO CONEXIONES: Socket operation on non-socket
[ERROR] 17:19:39:764 I-MONGO-STORE/(5699:5699): ERROR ACEPTANDO CONEXIONES: Socket operation on non-socket
[ERROR] 17:19:41:474 I-MONGO-STORE/(5699:5699): ERROR ACEPTANDO CONEXIONES: Socket operation on non-socket
[ERROR] 17:19:41:475 I-MONGO-STORE/(5699:5699): ERROR ACEPTANDO CONEXIONES: Socket operation on non-socket
[ERROR] 17:19:41:476 I-MONGO-STORE/(5699:5699): ERROR ACEPTANDO CONEXIONES: Socket operation on non-socket
[ERROR] 17:19:41:477 I-MONGO-STORE/(5699:5699): ERROR ACEPTANDO CONEXIONES: Socket operation on non-socket
[ERROR] 17:19:41:477 I-MONGO-STORE/(5699:5699): ERROR ACEPTANDO CONEXIONES: Socket operation on non-socket
[ERROR] 17:19:41:478 I-MONGO-STORE/(5699:5699): ERROR ACEPTANDO CONEXIONES: Socket operation on non-socket
[ERROR] 17:19:41:479 I-MONGO-STORE/(5699:5699): ERROR ACEPTANDO CONEXIONES: Socket operation on non-socket
[ERROR] 17:19:41:479 I-MONGO-STORE/(5699:5699): ERROR ACEPTANDO CONEXIONES: Socket operation on non-socket
[ERROR] 17:19:41:482 I-MONGO-STORE/(5699:5699): ERROR ACEPTANDO CONEXIONES: Socket operation on non-socket
[ERROR] 17:19:41:493 I-MONGO-STORE/(5699:5699): ERROR ACEPTANDO CONEXIONES: Socket operation on non-socket
[ERROR] 17:19:41:494 I-MONGO-STORE/(5699:5699): ERROR ACEPTANDO CONEXIONES: Socket operation on non-socket
[ERROR] 17:19:41:495 I-MONGO-STORE/(5699:5699): ERROR ACEPTANDO CONEXIONES: Socket operation on non-socket
[ERROR] 17:19:41:496 I-MONGO-STORE/(5699:5699): ERROR ACEPTANDO CONEXIONES: Socket operation on non-socket
[ERROR] 17:19:41:496 I-MONGO-STORE/(5699:5699): ERROR ACEPTANDO CONEXIONES: Socket operation on non-socket
[ERROR] 17:19:41:497 I-MONGO-STORE/(5699:5699): ERROR ACEPTANDO CONEXIONES: Socket operation on non-socket
[ERROR] 17:19:41:497 I-MONGO-STORE/(5699:5699): ERROR ACEPTANDO CONEXIONES: Socket operation on non-socket
[ERROR] 17:19:41:498 I-MONGO-STORE/(5699:5699): ERROR ACEPTANDO CONEXIONES: Socket operation on non-socket
[ERROR] 17:19:41:498 I-MONGO-STORE/(5699:5699): ERROR ACEPTANDO CONEXIONES: Socket operation on non-socket
[ERROR] 17:19:41:499 I-MONGO-STORE/(5699:5699): ERROR ACEPTANDO CONEXIONES: Socket operation on non-socket
[ERROR] 17:19:41:500 I-MONGO-STORE/(5699:5699): ERROR ACEPTANDO CONEXIONES: Socket operation on non-socket
[ERROR] 17:19:41:502 I-MONGO-STORE/(5699:5699): ERROR ACEPTANDO CONEXIONES: Socket operation on non-socket
[ERROR] 17:19:41:502 I-MONGO-STORE/(5699:5699): ERROR ACEPTANDO CONEXIONES: Socket operation on non-socket
[ERROR] 17:19:41:504 I-MONGO-STORE/(5699:5699): ERROR ACEPTANDO CONEXIONES: Socket operation on non-socket
[ERROR] 17:19:41:505 I-MONGO-STORE/(5699:5699): ERROR ACEPTANDO CONEXIONES: Socket operation on non-socket
[ERROR] 17:19:41:506 I-MONGO-STORE/(5699:5699): ERROR ACEPTANDO CONEXIONES: Socket operation on non-socket
[ERROR] 17:19:41:510 I-MONGO-STORE/(5699:5699): ERROR ACEPTANDO CONEXIONES: Socket operation on non-socket
[ERROR] 17:19:41:512 I-MONGO-STORE/(5699:5699): ERROR ACEPTANDO CONEXIONES: Socket operation on non-socket
[ERROR] 17:19:41:513 I-MONGO-STORE/(5699:5699): ERROR ACEPTANDO CONEXIONES: Socket operation on non-socket
[ERROR] 17:19:41:515 I-MONGO-STORE/(5699:5699): ERROR ACEPTANDO CONEXIONES: Socket operation on non-socket
[ERROR] 17:19:41:516 I-MONGO-STORE/(5699:5699): ERROR ACEPTANDO CONEXIONES: Socket operation on non-socket
[ERROR] 17:19:41:517 I-MONGO-STORE/(5699:5699): ERROR ACEPTANDO CONEXIONES: Socket operation on non-socket
[ERROR] 17:19:41:517 I-MONGO-STORE/(5699:5699): ERROR ACEPTANDO CONEXIONES: Socket operation on non-socket
[ERROR] 17:19:41:518 I-MONGO-STORE/(5699:5699): ERROR ACEPTANDO CONEXIONES: Socket operation on non-socket
[ERROR] 17:19:41:520 I-MONGO-STORE/(5699:5699): ERROR ACEPTANDO CONEXIONES: Socket operation on non-socket
[ERROR] 17:19:41:520 I-MONGO-STORE/(5699:5699): ERROR ACEPTANDO CONEXIONES: Socket operation on non-socket
[ERROR] 17:19:41:521 I-MONGO-STORE/(5699:5699): ERROR ACEPTANDO CONEXIONES: Socket operation on non-socket
[ERROR] 17:19:43:562 I-MONGO-STORE/(5699:5699): ERROR ACEPTANDO CONEXIONES: Socket operation on non-socket
[ERROR] 17:19:43:564 I-MONGO-STORE/(5699:5699): ERROR ACEPTANDO CONEXIONES: Socket operation on non-socket
[ERROR] 17:19:43:565 I-MONGO-STORE/(5699:5699): ERROR ACEPTANDO CONEXIONES: Socket operation on non-socket
[ERROR] 17:19:43:566 I-MONGO-STORE/(5699:5699): ERROR ACEPTANDO CONEXIONES: Socket operation on non-socket
[ERROR] 17:19:43:567 I-MONGO-STORE/(5699:5699): ERROR ACEPTANDO CONEXIONES: Socket operation on non-socket
[ERROR] 17:19:43:568 I-MONGO-STORE/(5699:5699): ERROR ACEPTANDO CONEXIONES: Socket operation on non-socket
[ERROR] 17:19:43:569 I-MONGO-STORE/(5699:5699): ERROR ACEPTANDO CONEXIONES: Socket operation on non-socket
[ERROR] 17:19:43:570 I-MONGO-STORE/(5699:5699): ERROR ACEPTANDO CONEXIONES: Socket operation on non-socket
[ERROR] 17:19:43:577 I-MONGO-STORE/(5699:5699): ERROR ACEPTANDO CONEXIONES: Socket operation on non-socket
[ERROR] 17:19:43:578 I-MONGO-STORE/(5699:5699): ERROR ACEPTANDO CONEXIONES: Socket operation on non-socket
[ERROR] 17:19:43:580 I-MONGO-STORE/(5699:5699): ERROR ACEPTANDO CONEXIONES: Socket operation on non-socket
[ERROR] 17:19:43:581 I-MONGO-STORE/(5699:5699): ERROR ACEPTANDO CONEXIONES: Socket operation on non-socket
[ERROR] 17:19:43:582 I-MONGO-STORE/(5699:5699): ERROR ACEPTANDO CONEXIONES: Socket operation on non-socket
[ERROR] 17:19:43:608 I-MONGO-STORE/(5699:5699): ERROR ACEPTANDO CONEXIONES: Socket operation on non-socket
[ERROR] 17:19:43:628 I-MONGO-STORE/(5699:5699): ERROR ACEPTANDO CONEXIONES: Socket operation on non-socket
[ERROR] 17:19:43:628 I-MONGO-STORE/(5699:5699): ERROR ACEPTANDO CONEXIONES: Socket operation on non-socket
[ERROR] 17:19:43:629 I-MONGO-STORE/(5699:5699): ERROR ACEPTANDO CONEXIONES: Socket operation on non-socket
[ERROR] 17:19:43:630 I-MONGO-STORE/(5699:5699): ERROR ACEPTANDO CONEXIONES: Socket operation on non-socket
[ERROR] 17:19:43:645 I-MONGO-STORE/(5699:5699): ERROR ACEPTANDO CONEXIONES: Socket operation on non-socket
[ERROR] 17:19:43:646 I-MONGO-STORE/(5699:5699): ERROR ACEPTANDO CONEXIONES: Socket operation on non-socket
[ERROR] 17:19:43:648 I-MONGO-STORE/(5699:5699): ERROR ACEPTANDO CONEXIONES: Socket operation on non-socket
[ERROR] 17:19:43:675 I-MONGO-STORE/(5699:5699): ERROR ACEPTANDO CONEXIONES: Socket operation on non-socket
[ERROR] 17:19:43:676 I-MONGO-STORE/(5699:5699): ERROR ACEPTANDO CONEXIONES: Socket operation on non-socket
[ERROR] 17:19:43:676 I-MONGO-STORE/(5699:5699): ERROR ACEPTANDO CONEXIONES: Socket operation on non-socket
[ERROR] 17:19:43:677 I-MONGO-STORE/(5699:5699): ERROR ACEPTANDO CONEXIONES: Socket operation on non-socket
[ERROR] 17:19:43:677 I-MONGO-STORE/(5699:5699): ERROR ACEPTANDO CONEXIONES: Socket operation on non-socket
[ERROR] 17:19:43:678 I-MONGO-STORE/(5699:5699): ERROR ACEPTANDO CONEXIONES: Socket operation on non-socket
[ERROR] 17:19:43:678 I-MONGO-STORE/(5699:5699): ERROR ACEPTANDO CONEXIONES: Socket operation on non-socket
[ERROR] 17:19:43:692 I-MONGO-STORE/(5699:5699): ERROR ACEPTANDO CONEXIONES: Socket operation on non-socket
[ERROR] 17:19:43:693 I-MONGO-STORE/(5699:5699): ERROR ACEPTANDO CONEXIONES: Socket operation on non-socket
[ERROR] 17:19:43:694 I-MONGO-STORE/(5699:5699): ERROR ACEPTANDO CONEXIONES: Socket operation on non-socket
[ERROR] 17:19:43:717 I-MONGO-STORE/(5699:5699): ERROR ACEPTANDO CONEXIONES: Socket operation on non-socket
[ERROR] 17:19:43:722 I-MONGO-STORE/(5699:5699): ERROR ACEPTANDO CONEXIONES: Socket operation on non-socket
[ERROR] 17:19:43:722 I-MONGO-STORE/(5699:5699): ERROR ACEPTANDO CONEXIONES: Socket operation on non-socket
[ERROR] 17:19:43:725 I-MONGO-STORE/(5699:5699): ERROR ACEPTANDO CONEXIONES: Socket operation on non-socket
[ERROR] 17:19:43:725 I-MONGO-STORE/(5699:5699): ERROR ACEPTANDO CONEXIONES: Socket operation on non-socket
[ERROR] 17:19:43:726 I-MONGO-STORE/(5699:5699): ERROR ACEPTANDO CONEXIONES: Socket operation on non-socket
[ERROR] 17:19:43:727 I-MONGO-STORE/(5699:5699): ERROR ACEPTANDO CONEXIONES: Socket operation on non-socket
[ERROR] 17:19:43:727 I-MONGO-STORE/(5699:5699): ERROR ACEPTANDO CONEXIONES: Socket operation on non-socket
[ERROR] 17:19:43:730 I-MONGO-STORE/(5699:5699): ERROR ACEPTANDO CONEXIONES: Socket operation on non-socket
[ERROR] 17:19:43:738 I-MONGO-STORE/(5699:5699): ERROR ACEPTANDO CONEXIONES: Socket operation on non-socket
[ERROR] 17:19:43:738 I-MONGO-STORE/(5699:5699): ERROR ACEPTANDO CONEXIONES: Socket operation on non-socket
[ERROR] 17:19:43:739 I-MONGO-STORE/(5699:5699): ERROR ACEPTANDO CONEXIONES: Socket operation on non-socket
[ERROR] 17:19:43:740 I-MONGO-STORE/(5699:5699): ERROR ACEPTANDO CONEXIONES: Socket operation on non-socket
[ERROR] 17:19:43:741 I-MONGO-STORE/(5699:5699): ERROR ACEPTANDO CONEXIONES: Socket operation on non-socket
[ERROR] 17:19:43:742 I-MONGO-STORE/(5699:5699): ERROR ACEPTANDO CONEXIONES: Socket operation on non-socket
[ERROR] 17:19:43:742 I-MONGO-STORE/(5699:5699): ERROR ACEPTANDO CONEXIONES: Socket operation on non-socket
[ERROR] 17:19:43:743 I-MONGO-STORE/(5699:5699): ERROR ACEPTANDO CONEXIONES: Socket operation on non-socket
[ERROR] 17:19:43:743 I-MONGO-STORE/(5699:5699): ERROR ACEPTANDO CONEXIONES: Socket operation on non-socket
[ERROR] 17:19:43:744 I-MONGO-STORE/(5699:5699): ERROR ACEPTANDO CONEXIONES: Socket operation on non-socket
[ERROR] 17:19:43:744 I-MONGO-STORE/(5699:5699): ERROR ACEPTANDO CONEXIONES: Socket operation on non-socket
[ERROR] 17:19:43:744 I-MONGO-STORE/(5699:5699): ERROR ACEPTANDO CONEXIONES: Socket operation on non-socket
[ERROR] 17:19:43:745 I-MONGO-STORE/(5699:5699): ERROR ACEPTANDO CONEXIONES: Socket operation on non-socket
[ERROR] 17:19:43:746 I-MONGO-STORE/(5699:5699): ERROR ACEPTANDO CONEXIONES: Socket operation on non-socket
[ERROR] 17:19:43:747 I-MONGO-STORE/(5699:5699): ERROR ACEPTANDO CONEXIONES: Socket operation on non-socket
[ERROR] 17:19:43:747 I-MONGO-STORE/(5699:5699): ERROR ACEPTANDO CONEXIONES: Socket operation on non-socket
[ERROR] 17:19:43:753 I-MONGO-STORE/(5699:5699): ERROR ACEPTANDO CONEXIONES: Socket operation on non-socket
[ERROR] 17:19:43:754 I-MONGO-STORE/(5699:5699): ERROR ACEPTANDO CONEXIONES: Socket operation on non-socket
[ERROR] 17:19:43:755 I-MONGO-STORE/(5699:5699): ERROR ACEPTANDO CONEXIONES: Socket operation on non-socket
[ERROR] 17:19:43:756 I-MONGO-STORE/(5699:5699): ERROR ACEPTANDO CONEXIONES: Socket operation on non-socket
[ERROR] 17:19:43:757 I-MONGO-STORE/(5699:5699): ERROR ACEPTANDO CONEXIONES: Socket operation on non-socket
[ERROR] 17:19:43:760 I-MONGO-STORE/(5699:5699): ERROR ACEPTANDO CONEXIONES: Socket operation on non-socket
[ERROR] 17:19:43:761 I-MONGO-STORE/(5699:5699): ERROR ACEPTANDO CONEXIONES: Socket operation on non-socket
[ERROR] 17:19:43:761 I-MONGO-STORE/(5699:5699): ERROR ACEPTANDO CONEXIONES: Socket operation on non-socket
[ERROR] 17:19:43:762 I-MONGO-STORE/(5699:5699): ERROR ACEPTANDO CONEXIONES: Socket operation on non-socket
[ERROR] 17:19:43:762 I-MONGO-STORE/(5699:5699): ERROR ACEPTANDO CONEXIONES: Socket operation on non-socket
[ERROR] 17:19:43:763 I-MONGO-STORE/(5699:5699): ERROR ACEPTANDO CONEXIONES: Socket operation on non-socket
[ERROR] 17:19:43:772 I-MONGO-STORE/(5699:5699): ERROR ACEPTANDO CONEXIONES: Socket operation on non-socket
[ERROR] 17:19:43:774 I-MONGO-STORE/(5699:5699): ERROR ACEPTANDO CONEXIONES: Socket operation on non-socket
[ERROR] 17:19:43:774 I-MONGO-STORE/(5699:5699): ERROR ACEPTANDO CONEXIONES: Socket operation on non-socket
[ERROR] 17:19:43:775 I-MONGO-STORE/(5699:5699): ERROR ACEPTANDO CONEXIONES: Socket operation on non-socket
[ERROR] 17:19:43:775 I-MONGO-STORE/(5699:5699): ERROR ACEPTANDO CONEXIONES: Socket operation on non-socket
[ERROR] 17:19:45:094 I-MONGO-STORE/(5699:5699): ERROR ACEPTANDO CONEXIONES: Socket operation on non-socket
[ERROR] 17:19:45:095 I-MONGO-STORE/(5699:5699): ERROR ACEPTANDO CONEXIONES: Socket operation on non-socket
[ERROR] 17:19:45:095 I-MONGO-STORE/(5699:5699): ERROR ACEPTANDO CONEXIONES: Socket operation on non-socket
[ERROR] 17:19:45:095 I-MONGO-STORE/(5699:5699): ERROR ACEPTANDO CONEXIONES: Socket operation on non-socket
[ERROR] 17:19:45:096 I-MONGO-STORE/(5699:5699): ERROR ACEPTANDO CONEXIONES: Socket operation on non-socket
[ERROR] 17:19:45:097 I-MONGO-STORE/(5699:5699): ERROR ACEPTANDO CONEXIONES: Socket operation on non-socket
[ERROR] 17:19:45:097 I-MONGO-STORE/(5699:5699): ERROR ACEPTANDO CONEXIONES: Socket operation on non-socket
[ERROR] 17:19:45:097 I-MONGO-STORE/(5699:5699): ERROR ACEPTANDO CONEXIONES: Socket operation on non-socket
[ERROR] 17:19:45:098 I-MONGO-STORE/(5699:5699): ERROR ACEPTANDO CONEXIONES: Socket operation on non-socket
[ERROR] 17:19:45:098 I-MONGO-STORE/(5699:5699): ERROR ACEPTANDO CONEXIONES: Socket operation on non-socket
[ERROR] 17:19:45:098 I-MONGO-STORE/(5699:5699): ERROR ACEPTANDO CONEXIONES: Socket operation on non-socket
[ERROR] 17:19:45:099 I-MONGO-STORE/(5699:5699): ERROR ACEPTANDO CONEXIONES: Socket operation on non-socket
[ERROR] 17:19:45:099 I-MONGO-STORE/(5699:5699): ERROR ACEPTANDO CONEXIONES: Socket operation on non-socket
[ERROR] 17:19:45:100 I-MONGO-STORE/(5699:5699): ERROR ACEPTANDO CONEXIONES: Socket operation on non-socket
[ERROR] 17:19:45:100 I-MONGO-STORE/(5699:5699): ERROR ACEPTANDO CONEXIONES: Socket operation on non-socket
[ERROR] 17:19:45:102 I-MONGO-STORE/(5699:5699): ERROR ACEPTANDO CONEXIONES: Socket operation on non-socket
[ERROR] 17:19:45:102 I-MONGO-STORE/(5699:5699): ERROR ACEPTANDO CONEXIONES: Socket operation on non-socket
[ERROR] 17:19:45:103 I-MONGO-STORE/(5699:5699): ERROR ACEPTANDO CONEXIONES: Socket operation on non-socket
[ERROR] 17:19:45:105 I-MONGO-STORE/(5699:5699): ERROR ACEPTANDO CONEXIONES: Socket operation on non-socket
[ERROR] 17:19:45:105 I-MONGO-STORE/(5699:5699): ERROR ACEPTANDO CONEXIONES: Socket operation on non-socket
[ERROR] 17:19:45:106 I-MONGO-STORE/(5699:5699): ERROR ACEPTANDO CONEXIONES: Socket operation on non-socket
[ERROR] 17:19:45:108 I-MONGO-STORE/(5699:5699): ERROR ACEPTANDO CONEXIONES: Socket operation on non-socket
[ERROR] 17:19:45:108 I-MONGO-STORE/(5699:5699): ERROR ACEPTANDO CONEXIONES: Socket operation on non-socket
[ERROR] 17:19:45:115 I-MONGO-STORE/(5699:5699): ERROR ACEPTANDO CONEXIONES: Socket operation on non-socket
[ERROR] 17:19:45:116 I-MONGO-STORE/(5699:5699): ERROR ACEPTANDO CONEXIONES: Socket operation on non-socket
[ERROR] 17:19:45:116 I-MONGO-STORE/(5699:5699): ERROR ACEPTANDO CONEXIONES: Socket operation on non-socket
[ERROR] 17:19:45:117 I-MONGO-STORE/(5699:5699): ERROR ACEPTANDO CONEXIONES: Socket operation on non-socket
[ERROR] 17:19:45:118 I-MONGO-STORE/(5699:5699): ERROR ACEPTANDO CONEXIONES: Socket operation on non-socket
[ERROR] 17:19:45:118 I-MONGO-STORE/(5699:5699): ERROR ACEPTANDO CONEXIONES: Socket operation on non-socket
[ERROR] 17:19:45:119 I-MONGO-STORE/(5699:5699): ERROR ACEPTANDO CONEXIONES: Socket operation on non-socket
[ERROR] 17:19:45:119 I-MONGO-STORE/(5699:5699): ERROR ACEPTANDO CONEXIONES: Socket operation on non-socket
[ERROR] 17:19:45:120 I-MONGO-STORE/(5699:5699): ERROR ACEPTANDO CONEXIONES: Socket operation on non-socket
[ERROR] 17:19:45:167 I-MONGO-STORE/(5699:5699): ERROR ACEPTANDO CONEXIONES: Socket operation on non-socket
[ERROR] 17:19:45:168 I-MONGO-STORE/(5699:5699): ERROR ACEPTANDO CONEXIONES: Socket operation on non-socket
[ERROR] 17:19:45:169 I-MONGO-STORE/(5699:5699): ERROR ACEPTANDO CONEXIONES: Socket operation on non-socket
[ERROR] 17:19:45:169 I-MONGO-STORE/(5699:5699): ERROR ACEPTANDO CONEXIONES: Socket operation on non-socket
[ERROR] 17:19:45:174 I-MONGO-STORE/(5699:5699): ERROR ACEPTANDO CONEXIONES: Socket operation on non-socket
[ERROR] 17:19:45:174 I-MONGO-STORE/(5699:5699): ERROR ACEPTANDO CONEXIONES: Socket operation on non-socket
[ERROR] 17:19:45:175 I-MONGO-STORE/(5699:5699): ERROR ACEPTANDO CONEXIONES: Socket operation on non-socket
[ERROR] 17:19:45:175 I-MONGO-STORE/(5699:5699): ERROR ACEPTANDO CONEXIONES: Socket operation on non-socket
[ERROR] 17:19:45:176 I-MONGO-STORE/(5699:5699): ERROR ACEPTANDO CONEXIONES: Socket operation on non-socket
[ERROR] 17:19:45:176 I-MONGO-STORE/(5699:5699): ERROR ACEPTANDO CONEXIONES: Socket operation on non-socket
[ERROR] 17:19:45:177 I-MONGO-STORE/(5699:5699): ERROR ACEPTANDO CONEXIONES: Socket operation on non-socket
[ERROR] 17:19:45:177 I-MONGO-STORE/(5699:5699): ERROR ACEPTANDO CONEXIONES: Socket operation on non-socket
[ERROR] 17:19:45:177 I-MONGO-STORE/(5699:5699): ERROR ACEPTANDO CONEXIONES: Socket operation on non-socket
[ERROR] 17:19:45:178 I-MONGO-STORE/(5699:5699): ERROR ACEPTANDO CONEXIONES: Socket operation on non-socket
[ERROR] 17:19:45:178 I-MONGO-STORE/(5699:5699): ERROR ACEPTANDO CONEXIONES: Socket operation on non-socket
[ERROR] 17:19:45:196 I-MONGO-STORE/(5699:5699): ERROR ACEPTANDO CONEXIONES: Socket operation on non-socket
[ERROR] 17:19:54:520 I-MONGO-STORE/(5762:5762): No pude crear la carpeta /home/utnso/polus
[INFO] 17:20:09:293 I-MONGO-STORE/(5780:5780): cant bloques: 8, tam bloques: 4096, 
[INFO] 17:20:09:399 I-MONGO-STORE/(5780:5780): FILESYSTEM INICIALIZADO DE 0 CON EXITO
[INFO] 17:20:09:406 I-MONGO-STORE/(5780:5780): SERVIDOR LEVANTADO! ESCUCHANDO EN 5002
[INFO] 19:13:53:410 I-MONGO-STORE/(3935:3935): cant bloques: 8, tam bloques: 4096, 
[INFO] 19:13:53:410 I-MONGO-STORE/(3935:3935): FILESYSTEM INICIALIZADO DE 0 CON EXITO
[INFO] 19:13:53:410 I-MONGO-STORE/(3935:3935): SERVIDOR LEVANTADO! ESCUCHANDO EN 5002
[INFO] 19:14:14:646 I-MONGO-STORE/(3935:3935): NUEVA CONEXIÓN!
[INFO] 19:14:14:646 I-MONGO-STORE/(3935:3998): Se creó el hilo correctamente
[ERROR] 00:22:18:904 I-MONGO-STORE/(4317:4317): No pude crear la carpeta /home/utnso/polus
[INFO] 19:03:24:470 I-MONGO-STORE/(9697:9697): cant bloques: 8, tam bloques: 4096, 
[INFO] 19:03:24:476 I-MONGO-STORE/(9697:9697): FILESYSTEM INICIALIZADO DE 0 CON EXITO
[INFO] 19:03:24:477 I-MONGO-STORE/(9697:9697): SERVIDOR LEVANTADO! ESCUCHANDO EN 5002
