[INFO] 15:03:46:473 discordiador.log/(7879:7879): Bienvenido! por favor ingrese los mensajes que quiera enviar al servidor: 
[INFO] 15:03:55:341 discordiador.log/(7879:7879): Voy a cargar al paquete el siguiente valor: hola
[INFO] 15:03:57:690 discordiador.log/(7879:7879): Voy a cargar al paquete el siguiente valor: todo bien
[INFO] 15:17:34:587 discordiador.log/(8806:8806): Bienvenido! por favor ingrese los mensajes que quiera enviar al servidor: 
[INFO] 15:17:40:941 discordiador.log/(8806:8806): Voy a cargar al paquete el siguiente valor: Hola 
[INFO] 15:17:43:237 discordiador.log/(8806:8806): Voy a cargar al paquete el siguiente valor: buenas tardes
[INFO] 15:21:10:436 discordiador.log/(8951:8951): Bienvenido! por favor ingrese los mensajes que quiera enviar al servidor: 
[INFO] 15:21:39:117 discordiador.log/(8987:8987): Bienvenido! por favor ingrese los mensajes que quiera enviar al servidor: 
[INFO] 15:21:41:451 discordiador.log/(8987:8987): Voy a cargar al paquete el siguiente valor: hola
[INFO] 18:39:16:438 discordiador.log/(9894:9895): HOLA
[INFO] 21:20:37:155 discordiador.log/(11123:11124): hola
[INFO] 21:24:37:140 discordiador.log/(11303:11304): aaa
[INFO] 21:28:47:387 discordiador.log/(11455:11457): hola
[INFO] 21:32:24:187 discordiador.log/(11531:11532): HOLA
[INFO] 21:36:01:627 discordiador.log/(11695:11697): Hola
[INFO] 21:37:21:475 discordiador.log/(11772:11773): hola
[INFO] 21:42:43:714 discordiador.log/(11887:11888): hola
[INFO] 21:43:49:236 discordiador.log/(11993:11994): hola
[INFO] 21:45:54:578 discordiador.log/(12053:12054): asdasd
[INFO] 21:50:07:556 discordiador.log/(12200:12207): algo
[INFO] 21:50:50:293 discordiador.log/(12200:12207): algo
[INFO] 21:52:24:566 discordiador.log/(12200:12207): algoahi
[INFO] 21:53:16:278 discordiador.log/(12335:12341): algo
[INFO] 22:00:14:551 discordiador.log/(12700:12708): mequieromorir
[INFO] 22:01:22:544 discordiador.log/(12776:12781): mequieromorir
[INFO] 22:02:13:953 discordiador.log/(12834:12839): mequieromorir
[INFO] 22:09:58:836 discordiador.log/(13181:13183): hola
[INFO] 22:18:01:236 discordiador.log/(13345:13347): hola
[INFO] 22:20:53:196 discordiador.log/(13512:13514): hola
[INFO] 22:24:24:043 discordiador.log/(13645:13646): hola
[INFO] 22:30:14:746 discordiador.log/(13790:13791): hola
[INFO] 22:31:32:194 discordiador.log/(13863:13864): hola
[INFO] 22:32:37:586 discordiador.log/(13920:13921): hola
[INFO] 22:34:22:041 discordiador.log/(14005:14007): hola
[INFO] 22:35:24:977 discordiador.log/(14074:14076): hola
[INFO] 22:39:57:465 discordiador.log/(14172:14174): hola
[INFO] 22:40:47:664 discordiador.log/(14276:14278): hola
